\BOOKMARK [0][-]{chapter.1}{\376\377\0001\000\040\000I\000n\000t\000r\000o\000d\000u\000c\000t\000i\000o\000n}{}% 1
\BOOKMARK [1][-]{section.1.1}{\376\377\0001\000.\0001\000\040\000C\000h\000a\000l\000l\000e\000n\000g\000e\000s\000\040\000o\000f\000\040\000M\000R\000I\000\040\000A\000c\000q\000u\000i\000s\000i\000t\000i\000o\000n}{chapter.1}% 2
\BOOKMARK [1][-]{section.1.2}{\376\377\0001\000.\0002\000\040\000R\000e\000l\000a\000t\000e\000d\000\040\000W\000o\000r\000k}{chapter.1}% 3
\BOOKMARK [1][-]{section.1.3}{\376\377\0001\000.\0003\000\040\000C\000o\000n\000t\000r\000i\000b\000u\000t\000i\000o\000n\000s\000\040\000a\000n\000d\000\040\000S\000t\000r\000u\000c\000t\000u\000r\000e\000\040\000o\000f\000\040\000t\000h\000e\000\040\000T\000h\000e\000s\000i\000s}{chapter.1}% 4
\BOOKMARK [0][-]{chapter.2}{\376\377\0002\000\040\000F\000u\000n\000d\000a\000m\000e\000n\000t\000a\000l\000s}{}% 5
\BOOKMARK [1][-]{section.2.1}{\376\377\0002\000.\0001\000\040\000M\000a\000g\000n\000e\000t\000i\000c\000\040\000R\000e\000s\000o\000n\000a\000n\000c\000e\000\040\000I\000m\000a\000g\000i\000n\000g}{chapter.2}% 6
\BOOKMARK [1][-]{section.2.2}{\376\377\0002\000.\0002\000\040\000I\000m\000a\000g\000e\000\040\000T\000r\000a\000n\000s\000f\000o\000r\000m\000a\000t\000i\000o\000n\000s\000\040\000a\000n\000d\000\040\000R\000e\000g\000i\000s\000t\000r\000a\000t\000i\000o\000n}{chapter.2}% 7
\BOOKMARK [1][-]{section.2.3}{\376\377\0002\000.\0003\000\040\000D\000e\000e\000p\000\040\000L\000e\000a\000r\000n\000i\000n\000g}{chapter.2}% 8
\BOOKMARK [0][-]{chapter.3}{\376\377\0003\000\040\000M\000a\000t\000e\000r\000i\000a\000l\000s\000\040\000a\000n\000d\000\040\000M\000e\000t\000h\000o\000d\000s}{}% 9
\BOOKMARK [1][-]{section.3.1}{\376\377\0003\000.\0001\000\040\000N\000e\000t\000w\000o\000r\000k\000\040\000A\000r\000c\000h\000i\000t\000e\000c\000t\000u\000r\000e\000s}{chapter.3}% 10
\BOOKMARK [1][-]{section.3.2}{\376\377\0003\000.\0002\000\040\000D\000a\000t\000a\000s\000e\000t\000s}{chapter.3}% 11
\BOOKMARK [1][-]{section.3.3}{\376\377\0003\000.\0003\000\040\000E\000x\000p\000e\000r\000i\000m\000e\000n\000t\000s}{chapter.3}% 12
\BOOKMARK [0][-]{chapter.4}{\376\377\0004\000\040\000R\000e\000s\000u\000l\000t\000s}{}% 13
\BOOKMARK [1][-]{section.4.1}{\376\377\0004\000.\0001\000\040\000P\000a\000r\000a\000m\000e\000t\000e\000r\000\040\000S\000t\000u\000d\000i\000e\000s\000\040\000o\000n\000\040\000t\000h\000e\000\040\000C\000M\000R\000x\000R\000e\000c\000o\000n\000\040\000D\000a\000t\000a\000s\000e\000t}{chapter.4}% 14
\BOOKMARK [1][-]{section.4.2}{\376\377\0004\000.\0002\000\040\000F\000u\000r\000t\000h\000e\000r\000\040\000T\000e\000s\000t\000s\000\040\000o\000n\000\040\000t\000h\000e\000\040\000A\000C\000D\000C\000\040\000D\000a\000t\000a\000s\000e\000t}{chapter.4}% 15
\BOOKMARK [1][-]{section.4.3}{\376\377\0004\000.\0003\000\040\000K\000-\000S\000p\000a\000c\000e\000\040\000a\000n\000d\000\040\000C\000o\000n\000t\000r\000a\000s\000t\000i\000v\000e\000\040\000L\000o\000s\000s\000\040\000E\000x\000p\000e\000r\000i\000m\000e\000n\000t\000s}{chapter.4}% 16
\BOOKMARK [1][-]{section.4.4}{\376\377\0004\000.\0004\000\040\000I\000n\000t\000e\000g\000r\000a\000t\000i\000o\000n\000\040\000i\000n\000t\000o\000\040\000a\000\040\000M\000o\000t\000i\000o\000n\000-\000C\000o\000m\000p\000e\000n\000s\000a\000t\000e\000d\000\040\000R\000e\000c\000o\000n\000s\000t\000r\000u\000c\000t\000i\000o\000n\000\040\000P\000i\000p\000e\000l\000i\000n\000e}{chapter.4}% 17
\BOOKMARK [0][-]{chapter.5}{\376\377\0005\000\040\000D\000i\000s\000c\000u\000s\000s\000i\000o\000n}{}% 18
\BOOKMARK [0][-]{chapter.6}{\376\377\0006\000\040\000C\000o\000n\000c\000l\000u\000s\000i\000o\000n}{}% 19
\BOOKMARK [0][-]{chapter*.86}{\376\377\000B\000i\000b\000l\000i\000o\000g\000r\000a\000p\000h\000y}{}% 20
