This is LuaHBTeX, Version 1.17.0 (MiKTeX 23.10) (format=lualatex 2024.4.12)  28 NOV 2024 15:26
 restricted system commands enabled.
**Masterarbeit.tex
(./Masterarbeit.tex
LaTeX2e <2023-06-01> patch level 1
L3 programming layer <2023-08-29>
Lua module: luaotfload 2023-08-31 3.26 Lua based OpenType font support
Lua module: lualibs 2023-07-13 2.76 ConTeXt Lua standard libraries.
Lua module: lualibs-extended 2023-07-13 2.76 ConTeXt Lua libraries -- extended c
ollection.
luaotfload | conf : Root cache directory is "C:/Users/janme/AppData/Local/MiKTeX
/luatex-cache/generic/names".
luaotfload | init : Loading fontloader "fontloader-2023-08-19.lua" from kpse-res
olved path "C:/Program Files/MiKTeX/tex/luatex/luaotfload/fontloader-2023-08-19.
lua".
Lua-only attribute luaotfload@noligature = 1
luaotfload | init : Context OpenType loader version 3.133
Inserting `luaotfload.node_processor' in `pre_linebreak_filter'.
Inserting `luaotfload.node_processor' in `hpack_filter'.
Inserting `luaotfload.glyph_stream' in `glyph_stream_provider'.
Inserting `luaotfload.define_font' in `define_font'.
Lua-only attribute luaotfload_color_attribute = 2
luaotfload | conf : Root cache directory is "C:/Users/janme/AppData/Local/MiKTeX
/luatex-cache/generic/names".
Inserting `luaotfload.harf.strip_prefix' in `find_opentype_file'.
Inserting `luaotfload.harf.strip_prefix' in `find_truetype_file'.
Removing  `luaotfload.glyph_stream' from `glyph_stream_provider'.
Inserting `luaotfload.harf.glyphstream' in `glyph_stream_provider'.
Inserting `luaotfload.harf.finalize_vlist' in `post_linebreak_filter'.
Inserting `luaotfload.harf.finalize_hlist' in `hpack_filter'.
Inserting `luaotfload.cleanup_files' in `wrapup_run'.
Inserting `luaotfload.harf.finalize_unicode' in `finish_pdffile'.
Inserting `luaotfload.glyphinfo' in `glyph_info'.
Lua-only attribute luaotfload.letterspace_done = 3
Inserting `luaotfload.aux.set_sscale_dimens' in `luaotfload.patch_font'.
Inserting `luaotfload.aux.set_font_index' in `luaotfload.patch_font'.
Inserting `luaotfload.aux.patch_cambria_domh' in `luaotfload.patch_font'.
Inserting `luaotfload.aux.fixup_fontdata' in `luaotfload.patch_font_unsafe'.
Inserting `luaotfload.aux.set_capheight' in `luaotfload.patch_font'.
Inserting `luaotfload.aux.set_xheight' in `luaotfload.patch_font'.
Inserting `luaotfload.rewrite_fontname' in `luaotfload.patch_font'.
Inserting `tracingstacklevels' in `input_level_string'. ("C:/Program Files/MiKT
eX/tex/latex/koma-script/scrbook.cls"
Document Class: scrbook 2023/07/07 v3.41 KOMA-Script document class (book)
("C:/Program Files/MiKTeX/tex/latex/koma-script/scrkbase.sty"
Package: scrkbase 2023/07/07 v3.41 KOMA-Script package (KOMA-Script-dependent b
asics and keyval usage)

("C:/Program Files/MiKTeX/tex/latex/koma-script/scrbase.sty"
Package: scrbase 2023/07/07 v3.41 KOMA-Script package (KOMA-Script-independent 
basics and keyval usage)

("C:/Program Files/MiKTeX/tex/latex/koma-script/scrlfile.sty"
Package: scrlfile 2023/07/07 v3.41 KOMA-Script package (file load hooks)

("C:/Program Files/MiKTeX/tex/latex/koma-script/scrlfile-hook.sty"
Package: scrlfile-hook 2023/07/07 v3.41 KOMA-Script package (using LaTeX hooks)


("C:/Program Files/MiKTeX/tex/latex/koma-script/scrlogo.sty"
Package: scrlogo 2023/07/07 v3.41 KOMA-Script package (logo)
)))
("C:/Program Files/MiKTeX/tex/latex/graphics/keyval.sty"
Package: keyval 2022/05/29 v1.15 key=value parser (DPC)
\KV@toks@=\toks17
)
Applying: [2021/05/01] Usage of raw or classic option list on input line 252.
Already applied: [0000/00/00] Usage of raw or classic option list on input line
 368.
))
("C:/Program Files/MiKTeX/tex/latex/koma-script/tocbasic.sty"
Package: tocbasic 2023/07/07 v3.41 KOMA-Script package (handling toc-files)
\scr@dte@tocline@numberwidth=\skip48
\scr@dte@tocline@numbox=\box51
)
Package tocbasic Info: omitting babel extension for `toc'
(tocbasic)             because of feature `nobabel' available
(tocbasic)             for `toc' on input line 135.
Package scrbook Info: You've used standard option `12pt'.
(scrbook)             This is correct!
(scrbook)             Internally I'm using `fontsize=12pt'.
(scrbook)             If you'd like to set the option with \KOMAoptions,
(scrbook)             you'd have to use `fontsize=12pt' there
(scrbook)             instead of `12pt', too.
Class scrbook Info: You've used standard option `openright'.
(scrbook)           This is correct!
(scrbook)           Internally I'm using `open=right'.
(scrbook)           If you'd like to set the option with \KOMAoptions,
(scrbook)           you'd have to use `open=right' there
(scrbook)           instead of `openright', too.
Class scrbook Info: File `scrsize12pt.clo' used to setup font sizes on input li
ne 2691.

("C:/Program Files/MiKTeX/tex/latex/koma-script/scrsize12pt.clo"
File: scrsize12pt.clo 2023/07/07 v3.41 KOMA-Script font size class option (12pt
)
luaotfload | db : Font names database loaded from C:/Users/janme/AppData/Local/M
iKTeX/luatex-cache/generic/names/luaotfload-names.luc.gz)
("C:/Program Files/MiKTeX/tex/latex/koma-script/typearea.sty"
Package: typearea 2023/07/07 v3.41 KOMA-Script package (type area)
\ta@bcor=\skip49
\ta@div=\count183
Package typearea Info: You've used standard option `a4paper'.
(typearea)             This is correct!
(typearea)             Internally I'm using `paper=a4'.
(typearea)             If you'd like to set the option with \KOMAoptions,
(typearea)             you'd have to use `paper=a4' there
(typearea)             instead of `a4paper', too.
\ta@hblk=\skip50
\ta@vblk=\skip51
\ta@temp=\skip52
\footheight=\skip53
Package typearea Info: These are the values describing the layout:
(typearea)             DIV  = 12
(typearea)             BCOR = 0.0pt
(typearea)             \paperwidth      = 597.50793pt
(typearea)              \textwidth      = 448.13095pt
(typearea)              DIV departure   = -6%
(typearea)              \evensidemargin = 27.31467pt
(typearea)              \oddsidemargin  = -22.47766pt
(typearea)             \paperheight     = 845.04694pt
(typearea)              \textheight     = 606.5pt
(typearea)              \topmargin      = -1.84941pt
(typearea)              \headheight     = 18.125pt
(typearea)              \headsep        = 21.75pt
(typearea)              \topskip        = 12.0pt
(typearea)              \footskip       = 50.75pt
(typearea)              \baselineskip   = 14.5pt
(typearea)              on input line 1799.
)
\c@part=\count184
\c@chapter=\count185
\c@section=\count186
\c@subsection=\count187
\c@subsubsection=\count188
\c@paragraph=\count189
\c@subparagraph=\count190
\scr@dte@chapter@maxnumwidth=\skip54
Class scrbook Info: using compatibility default `afterindent=bysign'
(scrbook)           for `\chapter on input line 5990.
\scr@dte@section@maxnumwidth=\skip55
Class scrbook Info: using compatibility default `runin=bysign'
(scrbook)           for `\section on input line 6001.
Class scrbook Info: using compatibility default `afterindent=bysign'
(scrbook)           for `\section on input line 6001.
\scr@dte@part@maxnumwidth=\skip56
Class scrbook Info: using compatibility default `afterindent=true'
(scrbook)           for `\part on input line 6010.
\scr@dte@subsection@maxnumwidth=\skip57
Class scrbook Info: using compatibility default `runin=bysign'
(scrbook)           for `\subsection on input line 6020.
Class scrbook Info: using compatibility default `afterindent=bysign'
(scrbook)           for `\subsection on input line 6020.
\scr@dte@subsubsection@maxnumwidth=\skip58
Class scrbook Info: using compatibility default `runin=bysign'
(scrbook)           for `\subsubsection on input line 6030.
Class scrbook Info: using compatibility default `afterindent=bysign'
(scrbook)           for `\subsubsection on input line 6030.
\scr@dte@paragraph@maxnumwidth=\skip59
Class scrbook Info: using compatibility default `runin=bysign'
(scrbook)           for `\paragraph on input line 6041.
Class scrbook Info: using compatibility default `afterindent=bysign'
(scrbook)           for `\paragraph on input line 6041.
\scr@dte@subparagraph@maxnumwidth=\skip60
Class scrbook Info: using compatibility default `runin=bysign'
(scrbook)           for `\subparagraph on input line 6051.
Class scrbook Info: using compatibility default `afterindent=bysign'
(scrbook)           for `\subparagraph on input line 6051.
\abovecaptionskip=\skip61
\belowcaptionskip=\skip62
\c@pti@nb@sid@b@x=\box52
Package tocbasic Info: omitting babel extension for `lof'
(tocbasic)             because of feature `nobabel' available
(tocbasic)             for `lof' on input line 7242.
\scr@dte@figure@maxnumwidth=\skip63
\c@figure=\count191
Package tocbasic Info: omitting babel extension for `lot'
(tocbasic)             because of feature `nobabel' available
(tocbasic)             for `lot' on input line 7259.
\scr@dte@table@maxnumwidth=\skip64
\c@table=\count192
Class scrbook Info: Redefining `\numberline' on input line 7430.
\bibindent=\dimen139
)
("C:/Program Files/MiKTeX/tex/latex/koma-script/scrhack.sty"
Package: scrhack 2023/07/07 v3.41 KOMA-Script package (hacking other packages)

("C:/Program Files/MiKTeX/tex/latex/xpatch/xpatch.sty"
("C:/Program Files/MiKTeX/tex/latex/l3kernel/expl3.sty"
Package: expl3 2023-08-29 L3 programming layer (loader) 

("C:/Program Files/MiKTeX/tex/latex/l3backend/l3backend-luatex.def"
File: l3backend-luatex.def 2023-04-19 L3 backend support: PDF output (LuaTeX)
\l__color_backend_stack_int=\count193
Inserting `l3color' in `luaotfload.parse_color'.
\l__pdf_internal_box=\box53
))
Package: xpatch 2020/03/25 v0.3a Extending etoolbox patching commands

("C:/Program Files/MiKTeX/tex/latex/l3packages/xparse/xparse.sty"
Package: xparse 2023-08-29 L3 Experimental document command parser
)
("C:/Program Files/MiKTeX/tex/latex/etoolbox/etoolbox.sty"
Package: etoolbox 2020/10/05 v2.5k e-TeX tools for LaTeX (JAW)
\etb@tempcnta=\count194
)))
("C:/Program Files/MiKTeX/tex/latex/base/inputenc.sty"
Package: inputenc 2021/02/14 v1.3d Input encoding file
\inpenc@prehook=\toks18
\inpenc@posthook=\toks19


Package inputenc Warning: inputenc package ignored with utf8 based engines.

) ("C:/Program Files/MiKTeX/tex/generic/babel/babel.sty"
Package: babel 2023/09/29 v3.95 The Babel package

("C:/Program Files/MiKTeX/tex/generic/babel/luababel.def"
\bbl@readstream=\read2
\l@afrikaans=\language2
Package babel Info: Non-standard hyphenation setup on input line 118.
\l@ancientgreek=\language3
\l@armenian=\language4
\l@assamese=\language5
\l@basque=\language6
\l@belarusian=\language7
\l@bengali=\language8
\l@bokmal=\language9
\l@bulgarian=\language10
\l@catalan=\language11
\l@churchslavonic=\language12
\l@classiclatin=\language13
\l@coptic=\language14
\l@croatian=\language15
\l@czech=\language16
\l@danish=\language17
\l@dutch=\language18
\l@esperanto=\language19
\l@estonian=\language20
\l@ethiopic=\language21
\l@finnish=\language22
\l@french=\language23
\l@friulan=\language24
\l@galician=\language25
\l@georgian=\language26
\l@german=\language27
\l@greek=\language28
\l@gujarati=\language29
\l@hindi=\language30
\l@hungarian=\language31
\l@icelandic=\language32
\l@indonesian=\language33
\l@interlingua=\language34
\l@irish=\language35
\l@italian=\language36
\l@kannada=\language37
\l@kurmanji=\language38
\l@latin=\language39
\l@latvian=\language40
\l@lithuanian=\language41
\l@liturgicallatin=\language42
\l@macedonian=\language43
\l@malayalam=\language44
\l@marathi=\language45
\l@mongolian=\language46
\l@mongolianlmc=\language47
\l@monogreek=\language48
\l@ngerman=\language49
\l@nynorsk=\language50
\l@occitan=\language51
\l@oriya=\language52
\l@pali=\language53
\l@panjabi=\language54
\l@piedmontese=\language55
\l@polish=\language56
\l@portuguese=\language57
\l@romanian=\language58
\l@romansh=\language59
\l@russian=\language60
\l@sanskrit=\language61
\l@serbian=\language62
\l@serbianc=\language63
\l@slovak=\language64
\l@slovenian=\language65
\l@spanish=\language66
\l@swedish=\language67
\l@swissgerman=\language68
\l@tamil=\language69
\l@telugu=\language70
\l@thai=\language71
\l@turkish=\language72
\l@turkmen=\language73
\l@ukenglish=\language74
\l@ukrainian=\language75
\l@uppersorbian=\language76
\l@usenglishmax=\language77
\l@welsh=\language78
\babelcatcodetablenum=\catcodetable14
\bbl@pattcodes=\catcodetable15
)
\babel@savecnt=\count195
\U@D=\dimen140
\l@unhyphenated=\language79

("C:/Program Files/MiKTeX/tex/generic/babel/luababel.def"
\bbl@attr@locale=\attribute4
)
*************************************
* Local config file bblopts.cfg used
*
("C:/Program Files/MiKTeX/tex/latex/arabi/bblopts.cfg"
File: bblopts.cfg 2005/09/08 v0.1 add Arabic and Farsi to "declared" options of
 babel
)
("C:/Program Files/MiKTeX/tex/latex/babel-german/ngerman.ldf"
Language: ngerman 2024/01/19 v2.14 German support for babel (post-1996 orthogra
phy)

("C:/Program Files/MiKTeX/tex/latex/babel-german/ngermanb.ldf"
Language: ngermanb 2024/01/19 v2.14 German support for babel (post-1996 orthogr
aphy)
Package babel Info: Making " an active character on input line 122.

("C:/Program Files/MiKTeX/tex/generic/hyph-utf8/loadhyph/loadhyph-de-1996.tex"
UTF-8 German hyphenation patterns (reformed orthography)
("C:/Program Files/MiKTeX/tex/generic/hyph-utf8/patterns/tex/hyph-de-1996.tex"
German Hyphenation Patterns (Reformed Orthography, 2006) `dehyphn-x' 2021-02-26
 (WL))))))
("C:/Program Files/MiKTeX/tex/generic/babel/locale/de/babel-ngerman.tex"
Package babel Info: Importing font and identification data for ngerman
(babel)             from babel-de.ini. Reported on input line 11.
)
("C:/Program Files/MiKTeX/tex/latex/biblatex/biblatex.sty"
Package: biblatex 2023/03/05 v3.19 programmable bibliographies (PK/MW)

("C:/Program Files/MiKTeX/tex/generic/pdftexcmds/pdftexcmds.sty"
Package: pdftexcmds 2020-06-27 v0.33 Utility functions of pdfTeX for LuaTeX (HO
)

("C:/Program Files/MiKTeX/tex/generic/infwarerr/infwarerr.sty"
Package: infwarerr 2019/12/03 v1.5 Providing info/warning/error messages (HO)
)
("C:/Program Files/MiKTeX/tex/generic/iftex/iftex.sty"
Package: iftex 2022/02/03 v1.0f TeX engine tests
)
("C:/Program Files/MiKTeX/tex/generic/ltxcmds/ltxcmds.sty"
Package: ltxcmds 2023-12-04 v1.26 LaTeX kernel commands for general use (HO)
)
Package pdftexcmds Info: \pdf@primitive is available.
Package pdftexcmds Info: \pdf@ifprimitive is available.
Package pdftexcmds Info: \pdfdraftmode found.
\pdftexcmds@toks=\toks20
)
("C:/Program Files/MiKTeX/tex/latex/kvoptions/kvoptions.sty"
Package: kvoptions 2022-06-15 v3.15 Key value format for package options (HO)

("C:/Program Files/MiKTeX/tex/latex/kvsetkeys/kvsetkeys.sty"
Package: kvsetkeys 2022-10-05 v1.19 Key value parser (HO)
))
("C:/Program Files/MiKTeX/tex/latex/logreq/logreq.sty"
Package: logreq 2010/08/04 v1.0 xml request logger
\lrq@indent=\count196

("C:/Program Files/MiKTeX/tex/latex/logreq/logreq.def"
File: logreq.def 2010/08/04 v1.0 logreq spec v1.0
))
("C:/Program Files/MiKTeX/tex/latex/base/ifthen.sty"
Package: ifthen 2022/04/13 v1.1d Standard LaTeX ifthen package (DPC)
)
("C:/Program Files/MiKTeX/tex/latex/url/url.sty"
\Urlmuskip=\muskip16
Package: url 2013/09/16  ver 3.4  Verb mode for urls, etc.
)
\c@tabx@nest=\count197
\c@listtotal=\count198
\c@listcount=\count199
\c@liststart=\count266
\c@liststop=\count267
\c@citecount=\count268
\c@citetotal=\count269
\c@multicitecount=\count270
\c@multicitetotal=\count271
\c@instcount=\count272
\c@maxnames=\count273
\c@minnames=\count274
\c@maxitems=\count275
\c@minitems=\count276
\c@citecounter=\count277
\c@maxcitecounter=\count278
\c@savedcitecounter=\count279
\c@uniquelist=\count280
\c@uniquename=\count281
\c@refsection=\count282
\c@refsegment=\count283
\c@maxextratitle=\count284
\c@maxextratitleyear=\count285
\c@maxextraname=\count286
\c@maxextradate=\count287
\c@maxextraalpha=\count288
\c@abbrvpenalty=\count289
\c@highnamepenalty=\count290
\c@lownamepenalty=\count291
\c@maxparens=\count292
\c@parenlevel=\count293
\blx@tempcnta=\count294
\blx@tempcntb=\count295
\blx@tempcntc=\count296
\c@blx@maxsection=\count297
\blx@maxsegment@0=\count298
\blx@notetype=\count299
\blx@parenlevel@text=\count300
\blx@parenlevel@foot=\count301
\blx@sectionciteorder@0=\count302
\blx@sectionciteorderinternal@0=\count303
\blx@entrysetcounter=\count304
\blx@biblioinstance=\count305
\labelnumberwidth=\skip65
\labelalphawidth=\skip66
\biblabelsep=\skip67
\bibitemsep=\skip68
\bibnamesep=\skip69
\bibinitsep=\skip70
\bibparsep=\skip71
\bibhang=\skip72
\blx@bcfin=\read3
\blx@bcfout=\write3
\blx@langwohyphens=\language80
\c@mincomprange=\count306
\c@maxcomprange=\count307
\c@mincompwidth=\count308
Package biblatex Info: Trying to load biblatex default data model...
Package biblatex Info: ... file 'blx-dm.def' found.

("C:/Program Files/MiKTeX/tex/latex/biblatex/blx-dm.def"
File: blx-dm.def 2023/03/05 v3.19 biblatex localization (PK/MW)
)
Package biblatex Info: Trying to load biblatex style data model...
Package biblatex Info: ... file 'numeric.dbx' not found.
Package biblatex Info: Trying to load biblatex custom data model...
Package biblatex Info: ... file 'biblatex-dm.cfg' not found.
\c@afterword=\count309
\c@savedafterword=\count310
\c@annotator=\count311
\c@savedannotator=\count312
\c@author=\count313
\c@savedauthor=\count314
\c@bookauthor=\count315
\c@savedbookauthor=\count316
\c@commentator=\count317
\c@savedcommentator=\count318
\c@editor=\count319
\c@savededitor=\count320
\c@editora=\count321
\c@savededitora=\count322
\c@editorb=\count323
\c@savededitorb=\count324
\c@editorc=\count325
\c@savededitorc=\count326
\c@foreword=\count327
\c@savedforeword=\count328
\c@holder=\count329
\c@savedholder=\count330
\c@introduction=\count331
\c@savedintroduction=\count332
\c@namea=\count333
\c@savednamea=\count334
\c@nameb=\count335
\c@savednameb=\count336
\c@namec=\count337
\c@savednamec=\count338
\c@translator=\count339
\c@savedtranslator=\count340
\c@shortauthor=\count341
\c@savedshortauthor=\count342
\c@shorteditor=\count343
\c@savedshorteditor=\count344
\c@labelname=\count345
\c@savedlabelname=\count346
\c@institution=\count347
\c@savedinstitution=\count348
\c@lista=\count349
\c@savedlista=\count350
\c@listb=\count351
\c@savedlistb=\count352
\c@listc=\count353
\c@savedlistc=\count354
\c@listd=\count355
\c@savedlistd=\count356
\c@liste=\count357
\c@savedliste=\count358
\c@listf=\count359
\c@savedlistf=\count360
\c@location=\count361
\c@savedlocation=\count362
\c@organization=\count363
\c@savedorganization=\count364
\c@origlocation=\count365
\c@savedoriglocation=\count366
\c@origpublisher=\count367
\c@savedorigpublisher=\count368
\c@publisher=\count369
\c@savedpublisher=\count370
\c@language=\count371
\c@savedlanguage=\count372
\c@origlanguage=\count373
\c@savedoriglanguage=\count374
\c@pageref=\count375
\c@savedpageref=\count376
\shorthandwidth=\skip73
\shortjournalwidth=\skip74
\shortserieswidth=\skip75
\shorttitlewidth=\skip76
\shortauthorwidth=\skip77
\shorteditorwidth=\skip78
\locallabelnumberwidth=\skip79
\locallabelalphawidth=\skip80
\localshorthandwidth=\skip81
\localshortjournalwidth=\skip82
\localshortserieswidth=\skip83
\localshorttitlewidth=\skip84
\localshortauthorwidth=\skip85
\localshorteditorwidth=\skip86
Package biblatex Info: Trying to load enhanced support for Unicode engines...
Package biblatex Info: ... file 'blx-unicode.def' found.

("C:/Program Files/MiKTeX/tex/latex/biblatex/blx-unicode.def")
Package biblatex Info: Trying to load compatibility code...
Package biblatex Info: ... file 'blx-compat.def' found.

("C:/Program Files/MiKTeX/tex/latex/biblatex/blx-compat.def"
File: blx-compat.def 2023/03/05 v3.19 biblatex compatibility (PK/MW)
)
Package biblatex Info: Trying to load generic definitions...
Package biblatex Info: ... file 'biblatex.def' found.

("C:/Program Files/MiKTeX/tex/latex/biblatex/biblatex.def"
File: biblatex.def 2023/03/05 v3.19 biblatex compatibility (PK/MW)
\c@textcitecount=\count377
\c@textcitetotal=\count378
\c@textcitemaxnames=\count379
\c@biburlbigbreakpenalty=\count380
\c@biburlbreakpenalty=\count381
\c@biburlnumpenalty=\count382
\c@biburlucpenalty=\count383
\c@biburllcpenalty=\count384
\biburlbigskip=\muskip17
\biburlnumskip=\muskip18
\biburlucskip=\muskip19
\biburllcskip=\muskip20
\c@smartand=\count385
)
Package biblatex Info: Trying to load natbib compatibility...
Package biblatex Info: ... file 'blx-natbib.def' found.

("C:/Program Files/MiKTeX/tex/latex/biblatex/blx-natbib.def"
File: blx-natbib.def 2023/03/05 v3.19 biblatex compatibility (PK/MW)
Package biblatex Info: Delimiter 'nameyeardelim' in context '' already defined,
 overwriting.
)
Package biblatex Info: Trying to load bibliography style 'numeric'...
Package biblatex Info: ... file 'numeric.bbx' found.

("C:/Program Files/MiKTeX/tex/latex/biblatex/bbx/numeric.bbx"
File: numeric.bbx 2023/03/05 v3.19 biblatex bibliography style (PK/MW)
Package biblatex Info: Trying to load bibliography style 'standard'...
Package biblatex Info: ... file 'standard.bbx' found.

("C:/Program Files/MiKTeX/tex/latex/biblatex/bbx/standard.bbx"
File: standard.bbx 2023/03/05 v3.19 biblatex bibliography style (PK/MW)
\c@bbx:relatedcount=\count386
\c@bbx:relatedtotal=\count387
))
Package biblatex Info: Trying to load citation style 'numeric'...
Package biblatex Info: ... file 'numeric.cbx' found.

("C:/Program Files/MiKTeX/tex/latex/biblatex/cbx/numeric.cbx"
File: numeric.cbx 2023/03/05 v3.19 biblatex citation style (PK/MW)
Package biblatex Info: Redefining '\cite'.
Package biblatex Info: Redefining '\parencite'.
Package biblatex Info: Redefining '\footcite'.
Package biblatex Info: Redefining '\footcitetext'.
Package biblatex Info: Redefining '\smartcite'.
Package biblatex Info: Redefining '\supercite'.
Package biblatex Info: Redefining '\textcite'.
Package biblatex Info: Redefining '\textcites'.
Package biblatex Info: Redefining '\cites'.
Package biblatex Info: Redefining '\parencites'.
Package biblatex Info: Redefining '\smartcites'.
)
Package biblatex Info: Trying to load configuration file...
Package biblatex Info: ... file 'biblatex.cfg' found.

("C:/Program Files/MiKTeX/tex/latex/biblatex/biblatex.cfg"
File: biblatex.cfg 
)
Package biblatex Info: LuaTeX detected.
(biblatex)             Assuming input encoding 'utf8'.
Package biblatex Info: Document encoding is UTF8 ....
Package biblatex Info: ... and expl3
(biblatex)             2023-08-29 L3 programming layer (loader) 
(biblatex)             is new enough (at least 2020/04/06),
(biblatex)             setting 'casechanger=expl3'.

("C:/Program Files/MiKTeX/tex/latex/biblatex/blx-case-expl3.sty"
Package: blx-case-expl3 2023/03/05 v3.19 expl3 case changing code for biblatex
))
("C:/Program Files/MiKTeX/tex/latex/amsfonts/amssymb.sty"
Package: amssymb 2013/01/14 v3.01 AMS font symbols

("C:/Program Files/MiKTeX/tex/latex/amsfonts/amsfonts.sty"
Package: amsfonts 2013/01/14 v3.01 Basic AMSFonts support
\@emptytoks=\toks21
\symAMSa=\mathgroup4
\symAMSb=\mathgroup5
LaTeX Font Info:    Redeclaring math symbol \hbar on input line 98.
LaTeX Font Info:    Overwriting math alphabet `\mathfrak' in version `bold'
(Font)                  U/euf/m/n --> U/euf/b/n on input line 106.
))
("C:/Program Files/MiKTeX/tex/latex/amsmath/amsmath.sty"
Package: amsmath 2023/05/13 v2.17o AMS math features
\@mathmargin=\skip87

For additional information on amsmath, use the `?' option.
("C:/Program Files/MiKTeX/tex/latex/amsmath/amstext.sty"
Package: amstext 2021/08/26 v2.01 AMS text

("C:/Program Files/MiKTeX/tex/latex/amsmath/amsgen.sty"
File: amsgen.sty 1999/11/30 v2.0 generic functions
\@emptytoks=\toks22
\ex@=\dimen141
))
("C:/Program Files/MiKTeX/tex/latex/amsmath/amsbsy.sty"
Package: amsbsy 1999/11/29 v1.2d Bold Symbols
\pmbraise@=\dimen142
)
("C:/Program Files/MiKTeX/tex/latex/amsmath/amsopn.sty"
Package: amsopn 2022/04/08 v2.04 operator names
)
\inf@bad=\count388
LaTeX Info: Redefining \frac on input line 236.
\uproot@=\count389
\leftroot@=\count390
LaTeX Info: Redefining \overline on input line 399.
LaTeX Info: Redefining \colon on input line 410.
\classnum@=\count391
\DOTSCASE@=\count392
LaTeX Info: Redefining \ldots on input line 496.
LaTeX Info: Redefining \dots on input line 499.
LaTeX Info: Redefining \cdots on input line 620.
\Mathstrutbox@=\box54
\strutbox@=\box55
LaTeX Info: Redefining \big on input line 722.
LaTeX Info: Redefining \Big on input line 723.
LaTeX Info: Redefining \bigg on input line 724.
LaTeX Info: Redefining \Bigg on input line 725.
\big@size=\dimen143
LaTeX Font Info:    Redeclaring font encoding OML on input line 743.
LaTeX Font Info:    Redeclaring font encoding OMS on input line 744.
\macc@depth=\count393
LaTeX Info: Redefining \bmod on input line 905.
LaTeX Info: Redefining \pmod on input line 910.
LaTeX Info: Redefining \smash on input line 940.
LaTeX Info: Redefining \relbar on input line 970.
LaTeX Info: Redefining \Relbar on input line 971.
\c@MaxMatrixCols=\count394
\dotsspace@=\muskip21
\c@parentequation=\count395
\dspbrk@lvl=\count396
\tag@help=\toks23
\row@=\count397
\column@=\count398
\maxfields@=\count399
\andhelp@=\toks24
\eqnshift@=\dimen144
\alignsep@=\dimen145
\tagshift@=\dimen146
\tagwidth@=\dimen147
\totwidth@=\dimen148
\lineht@=\dimen149
\@envbody=\toks25
\multlinegap=\skip88
\multlinetaggap=\skip89
\mathdisplay@stack=\toks26
LaTeX Info: Redefining \[ on input line 2953.
LaTeX Info: Redefining \] on input line 2954.
)
("C:/Program Files/MiKTeX/tex/latex/graphics/graphicx.sty"
Package: graphicx 2021/09/16 v1.2d Enhanced LaTeX Graphics (DPC,SPQR)

("C:/Program Files/MiKTeX/tex/latex/graphics/graphics.sty"
Package: graphics 2022/03/10 v1.4e Standard LaTeX Graphics (DPC,SPQR)

("C:/Program Files/MiKTeX/tex/latex/graphics/trig.sty"
Package: trig 2021/08/11 v1.11 sin cos tan (DPC)
)
("C:/Program Files/MiKTeX/tex/latex/graphics-cfg/graphics.cfg"
File: graphics.cfg 2016/06/04 v1.11 sample graphics configuration
)
Package graphics Info: Driver file: luatex.def on input line 107.

("C:/Program Files/MiKTeX/tex/latex/graphics-def/luatex.def"
File: luatex.def 2022/09/22 v1.2d Graphics/color driver for luatex
))
\Gin@req@height=\dimen150
\Gin@req@width=\dimen151
)
("C:/Program Files/MiKTeX/tex/latex/tools/verbatim.sty"
Package: verbatim 2022-07-02 v1.5u LaTeX2e package for verbatim enhancements
\every@verbatim=\toks27
\verbatim@line=\toks28
\verbatim@in@stream=\read4
)
("C:/Program Files/MiKTeX/tex/latex/caption/subcaption.sty"
Package: subcaption 2023/07/28 v1.6b Sub-captions (AR)

("C:/Program Files/MiKTeX/tex/latex/caption/caption.sty"
Package: caption 2023/08/05 v3.6o Customizing captions (AR)

("C:/Program Files/MiKTeX/tex/latex/caption/caption3.sty"
Package: caption3 2023/07/31 v2.4d caption3 kernel (AR)
\caption@tempdima=\dimen152
\captionmargin=\dimen153
\caption@leftmargin=\dimen154
\caption@rightmargin=\dimen155
\caption@width=\dimen156
\caption@indent=\dimen157
\caption@parindent=\dimen158
\caption@hangindent=\dimen159
Package caption Info: KOMA-Script document class detected.

("C:/Program Files/MiKTeX/tex/latex/caption/caption-koma.sto"
File: caption-koma.sto 2023/09/08 v2.0e Adaption of the caption package to the 
KOMA-Script document classes (AR)
))
\c@caption@flags=\count400
\c@continuedfloat=\count401
Package caption Info: KOMA-Script scrextend package detected.
\caption@addmargin@hsize=\dimen160
\caption@addmargin@linewidth=\dimen161
)
Package caption Info: New subtype `subfigure' on input line 238.
\c@subfigure=\count402
Package caption Info: New subtype `subtable' on input line 238.
\c@subtable=\count403
)
("C:/Program Files/MiKTeX/tex/latex/tools/longtable.sty"
Package: longtable 2021-09-01 v4.17 Multi-page Table package (DPC)
\LTleft=\skip90
\LTright=\skip91
\LTpre=\skip92
\LTpost=\skip93
\LTchunksize=\count404
\LTcapwidth=\dimen162
\LT@head=\box56
\LT@firsthead=\box57
\LT@foot=\box58
\LT@lastfoot=\box59
\LT@gbox=\box60
\LT@cols=\count405
\LT@rows=\count406
\c@LT@tables=\count407
\c@LT@chunks=\count408
\LT@p@ftn=\toks29
)
Class scrbook Info: longtable captions redefined on input line 27.

("C:/Program Files/MiKTeX/tex/latex/ulem/ulem.sty"
\UL@box=\box61
\UL@hyphenbox=\box62
\UL@skip=\skip94
\UL@hook=\toks30
\UL@height=\dimen163
\UL@pe=\count409
\UL@pixel=\dimen164
\ULC@box=\box63
Package: ulem 2019/11/18
\ULdepth=\dimen165
)
Package scrhack Info: hyperref hack deactivated because of
(scrhack)             detection of KOMA-Script class, that doesn't
(scrhack)             need that hack, on input line 42.

("C:/Program Files/MiKTeX/tex/latex/hyperref/hyperref.sty"
Package: hyperref 2023-07-08 v7.01b Hypertext links for LaTeX

("C:/Program Files/MiKTeX/tex/generic/kvdefinekeys/kvdefinekeys.sty"
Package: kvdefinekeys 2019-12-19 v1.6 Define keys (HO)
)
("C:/Program Files/MiKTeX/tex/generic/pdfescape/pdfescape.sty"
Package: pdfescape 2019/12/09 v1.15 Implements pdfTeX's escape features (HO)
)
("C:/Program Files/MiKTeX/tex/latex/hycolor/hycolor.sty"
Package: hycolor 2020-01-27 v1.10 Color options for hyperref/bookmark (HO)
)
("C:/Program Files/MiKTeX/tex/latex/letltxmacro/letltxmacro.sty"
Package: letltxmacro 2019/12/03 v1.6 Let assignment for LaTeX macros (HO)
)
("C:/Program Files/MiKTeX/tex/latex/auxhook/auxhook.sty"
Package: auxhook 2019-12-17 v1.6 Hooks for auxiliary files (HO)
)
("C:/Program Files/MiKTeX/tex/latex/hyperref/nameref.sty"
Package: nameref 2023-08-07 v2.53 Cross-referencing by name of section

("C:/Program Files/MiKTeX/tex/latex/refcount/refcount.sty"
Package: refcount 2019/12/15 v3.6 Data extraction from label references (HO)
)
("C:/Program Files/MiKTeX/tex/generic/gettitlestring/gettitlestring.sty"
Package: gettitlestring 2019/12/15 v1.6 Cleanup title references (HO)
)
\c@section@level=\count410
)
\@linkdim=\dimen166
\Hy@linkcounter=\count411
\Hy@pagecounter=\count412

("C:/Program Files/MiKTeX/tex/latex/hyperref/pd1enc.def"
File: pd1enc.def 2023-07-08 v7.01b Hyperref: PDFDocEncoding definition (HO)
)
("C:/Program Files/MiKTeX/tex/generic/intcalc/intcalc.sty"
Package: intcalc 2019/12/15 v1.3 Expandable calculations with integers (HO)
)
\Hy@SavedSpaceFactor=\count413

("C:/Program Files/MiKTeX/tex/latex/hyperref/puenc.def"
File: puenc.def 2023-07-08 v7.01b Hyperref: PDF Unicode definition (HO)
)
Package hyperref Info: Option `unicode' set `true' on input line 4050.

("C:/Program Files/MiKTeX/tex/generic/stringenc/stringenc.sty"
Package: stringenc 2019/11/29 v1.12 Convert strings between diff. encodings (HO
)
)
Package hyperref Info: Option `bookmarks' set `true' on input line 4050.
Package hyperref Info: Option `bookmarksnumbered' set `true' on input line 4050
.
Package hyperref Info: Option `colorlinks' set `true' on input line 4050.
Package hyperref Info: Option `plainpages' set `false' on input line 4050.
Package hyperref Info: Option `hypertexnames' set `false' on input line 4050.
Package hyperref Info: Hyper figures OFF on input line 4167.
Package hyperref Info: Link nesting OFF on input line 4172.
Package hyperref Info: Hyper index ON on input line 4175.
Package hyperref Info: Plain pages OFF on input line 4182.
Package hyperref Info: Backreferencing OFF on input line 4187.
Package hyperref Info: Implicit mode ON; LaTeX internals redefined.
Package hyperref Info: Bookmarks ON on input line 4434.
\c@Hy@tempcnt=\count414
LaTeX Info: Redefining \url on input line 4772.
\XeTeXLinkMargin=\dimen167

("C:/Program Files/MiKTeX/tex/generic/bitset/bitset.sty"
Package: bitset 2019/12/09 v1.3 Handle bit-vector datatype (HO)

("C:/Program Files/MiKTeX/tex/generic/bigintcalc/bigintcalc.sty"
Package: bigintcalc 2019/12/15 v1.5 Expandable calculations on big integers (HO
)
))
\Fld@menulength=\count415
\Field@Width=\dimen168
\Fld@charsize=\dimen169
Package hyperref Info: Hyper figures OFF on input line 6051.
Package hyperref Info: Link nesting OFF on input line 6056.
Package hyperref Info: Hyper index ON on input line 6059.
Package hyperref Info: backreferencing OFF on input line 6066.
Package hyperref Info: Link coloring ON on input line 6069.
Package hyperref Info: Link coloring with OCG OFF on input line 6076.
Package hyperref Info: PDF/A mode OFF on input line 6081.

("C:/Program Files/MiKTeX/tex/latex/base/atbegshi-ltx.sty"
Package: atbegshi-ltx 2021/01/10 v1.0c Emulation of the original atbegshi
package with kernel methods
)
\Hy@abspage=\count416
\c@Item=\count417
\c@Hfootnote=\count418
)
Package hyperref Info: Driver (autodetected): hluatex.

("C:/Program Files/MiKTeX/tex/latex/hyperref/hluatex.def"
File: hluatex.def 2023-07-08 v7.01b Hyperref driver for luaTeX

("C:/Program Files/MiKTeX/tex/latex/base/atveryend-ltx.sty"
Package: atveryend-ltx 2020/08/19 v1.0a Emulation of the original atveryend pac
kage
with kernel methods
)
\Fld@listcount=\count419
\c@bookmark@seq@number=\count420

("C:/Program Files/MiKTeX/tex/latex/rerunfilecheck/rerunfilecheck.sty"
Package: rerunfilecheck 2022-07-10 v1.10 Rerun checks for auxiliary files (HO)

("C:/Program Files/MiKTeX/tex/generic/uniquecounter/uniquecounter.sty"
Package: uniquecounter 2019/12/15 v1.4 Provide unlimited unique counter (HO)
)
Package uniquecounter Info: New unique counter `rerunfilecheck' on input line 2
85.
)
\Hy@SectionHShift=\skip95
)
("C:/Program Files/MiKTeX/tex/latex/pdfpages/pdfpages.sty"
Package: pdfpages 2024/10/28 v0.6c Insert pages of external PDF documents (AM)

("C:/Program Files/MiKTeX/tex/latex/tools/calc.sty"
Package: calc 2017/05/25 v4.3 Infix arithmetic (KKT,FJ)
\calc@Acount=\count421
\calc@Bcount=\count422
\calc@Adimen=\dimen170
\calc@Bdimen=\dimen171
\calc@Askip=\skip96
\calc@Bskip=\skip97
LaTeX Info: Redefining \setlength on input line 80.
LaTeX Info: Redefining \addtolength on input line 81.
\calc@Ccount=\count423
\calc@Cskip=\skip98
)
("C:/Program Files/MiKTeX/tex/latex/eso-pic/eso-pic.sty"
Package: eso-pic 2023/05/03 v3.0c eso-pic (RN)
\ESO@tempdima=\dimen172
\ESO@tempdimb=\dimen173

("C:/Program Files/MiKTeX/tex/latex/xcolor/xcolor.sty"
Package: xcolor 2022/06/12 v2.14 LaTeX color extensions (UK)

("C:/Program Files/MiKTeX/tex/latex/graphics-cfg/color.cfg"
File: color.cfg 2016/01/02 v1.6 sample color configuration
)
Package xcolor Info: Driver file: luatex.def on input line 227.

("C:/Program Files/MiKTeX/tex/latex/graphics/mathcolor.ltx")
Package xcolor Info: Model `cmy' substituted by `cmy0' on input line 1353.
Package xcolor Info: Model `hsb' substituted by `rgb' on input line 1357.
Package xcolor Info: Model `RGB' extended on input line 1369.
Package xcolor Info: Model `HTML' substituted by `rgb' on input line 1371.
Package xcolor Info: Model `Hsb' substituted by `hsb' on input line 1372.
Package xcolor Info: Model `tHsb' substituted by `hsb' on input line 1373.
Package xcolor Info: Model `HSB' substituted by `hsb' on input line 1374.
Package xcolor Info: Model `Gray' substituted by `gray' on input line 1375.
Package xcolor Info: Model `wave' substituted by `hsb' on input line 1376.
))
\AM@pagewidth=\dimen174
\AM@pageheight=\dimen175
\AM@fboxrule=\dimen176

("C:/Program Files/MiKTeX/tex/latex/pdfpages/ppluatex.def"
File: ppluatex.def 2024/10/28 v0.6c Pdfpages driver for LuaTeX (AM)
)
\pdfpages@includegraphics@status=\count424
\AM@pagebox=\box64
\AM@global@opts=\toks31
\AM@pagecnt=\count425
\AM@toc@title=\toks32
\AM@lof@heading=\toks33
\c@AM@survey=\count426
\AM@templatesizebox=\box65
)
("C:/Program Files/MiKTeX/tex/latex/algorithms/algorithmic.sty"
Package: algorithmic 2009/08/24 v0.1 Document Style `algorithmic'
\c@ALC@unique=\count427
\c@ALC@line=\count428
\c@ALC@rem=\count429
\c@ALC@depth=\count430
\ALC@tlm=\skip99
\algorithmicindent=\skip100
)
("C:/Program Files/MiKTeX/tex/latex/algorithms/algorithm.sty"
Package: algorithm 2009/08/24 v0.1 Document Style `algorithm' - floating enviro
nment

("C:/Program Files/MiKTeX/tex/latex/float/float.sty"
Package: float 2001/11/08 v1.3d Float enhancements (AL)
\c@float@type=\count431
\float@exts=\toks34
\float@box=\box66
\@float@everytoks=\toks35
\@floatcapt=\box67
)
Package scrhack Info: loading float hack on input line 32.

("C:/Program Files/MiKTeX/tex/latex/koma-script/float.hak"
File: float.hak 2023/07/07 v3.41 KOMA-Script scrhack part (hacking package floa
t)
Package scrhack Info: redefining \newfloat on input line 163.
Package scrhack Info: redefining \listof on input line 163.
Package scrhack Info: undefining \float@addtolists on input line 163.
)
Package tocbasic Info: setting babel extension for `loa' on input line 95.
\@float@every@algorithm=\toks36
\c@algorithm=\count432
)
("C:/Program Files/MiKTeX/tex/latex/listings/listings.sty"
\lst@mode=\count433
\lst@gtempboxa=\box68
\lst@token=\toks37
\lst@length=\count434
\lst@currlwidth=\dimen177
\lst@column=\count435
\lst@pos=\count436
\lst@lostspace=\dimen178
\lst@width=\dimen179
\lst@newlines=\count437
\lst@lineno=\count438
\lst@maxwidth=\dimen180

("C:/Program Files/MiKTeX/tex/latex/listings/lstmisc.sty"
File: lstmisc.sty 2023/02/27 1.9 (Carsten Heinz)
\c@lstnumber=\count439
\lst@skipnumbers=\count440
\lst@framebox=\box69
)
("C:/Program Files/MiKTeX/tex/latex/listings/listings.cfg"
File: listings.cfg 2023/02/27 1.9 listings configuration
))
Package scrhack Info: loading listings hack on input line 57.

("C:/Program Files/MiKTeX/tex/latex/koma-script/listings.hak"
File: listings.hak 2023/07/07 v3.41 KOMA-Script scrhack part (hacking package l
istings)
Package tocbasic Info: setting babel extension for `lol' on input line 157.
Package scrhack Info: redefining \lstlistoflistings on input line 157.
Package scrhack Info: patching \lst@MakeCaption on input line 157.
)
Package: listings 2023/02/27 1.9 (Carsten Heinz)

("C:/Program Files/MiKTeX/tex/latex/listings/lstlang1.sty"
File: lstlang1.sty 2023/02/27 1.9 listings language file
)
("C:/Program Files/MiKTeX/tex/latex/csquotes/csquotes.sty"
Package: csquotes 2024-04-04 v5.2o context-sensitive quotations (JAW)
\csq@reset=\count441
\csq@gtype=\count442
\csq@glevel=\count443
\csq@qlevel=\count444
\csq@maxlvl=\count445
\csq@tshold=\count446
\csq@ltx@everypar=\toks38

("C:/Program Files/MiKTeX/tex/latex/csquotes/csquotes.def"
File: csquotes.def 2024-04-04 v5.2o csquotes generic definitions (JAW)
)
Package csquotes Info: Trying to load configuration file 'csquotes.cfg'...
Package csquotes Info: ... configuration file loaded successfully.

("C:/Program Files/MiKTeX/tex/latex/csquotes/csquotes.cfg"
File: csquotes.cfg 
))
("C:/Program Files/MiKTeX/tex/latex/acronym/acronym.sty"
Package: acronym 2024/03/30 v1.49 Support for acronyms (Tobias Oetiker)

("C:/Program Files/MiKTeX/tex/latex/bigfoot/suffix.sty"
Package: suffix 2006/07/15 1.5a Variant command support
)
("C:/Program Files/MiKTeX/tex/latex/xstring/xstring.sty"
("C:/Program Files/MiKTeX/tex/generic/xstring/xstring.tex"
\xs_counta=\count447
\xs_countb=\count448
)
Package: xstring 2023/08/22 v1.86 String manipulations (CT)
)
\AC@clearlist=\toks39
)
("C:/Program Files/MiKTeX/tex/latex/geometry/geometry.sty"
Package: geometry 2020/01/02 v5.9 Page Geometry

("C:/Program Files/MiKTeX/tex/generic/iftex/ifvtex.sty"
Package: ifvtex 2019/10/25 v1.7 ifvtex legacy package. Use iftex instead.
)
\Gm@cnth=\count449
\Gm@cntv=\count450
\c@Gm@tempcnt=\count451
\Gm@bindingoffset=\dimen181
\Gm@wd@mp=\dimen182
\Gm@odd@mp=\dimen183
\Gm@even@mp=\dimen184
\Gm@layoutwidth=\dimen185
\Gm@layoutheight=\dimen186
\Gm@layouthoffset=\dimen187
\Gm@layoutvoffset=\dimen188
\Gm@dimlist=\toks40

("C:/Program Files/MiKTeX/tex/latex/geometry/geometry.cfg"))
("C:/Program Files/MiKTeX/tex/latex/multirow/multirow.sty"
Package: multirow 2021/03/15 v2.8 Span multiple rows of a table
\multirow@colwidth=\skip101
\multirow@cntb=\count452
\multirow@dima=\skip102
\bigstrutjot=\dimen189
)
("C:/Program Files/MiKTeX/tex/latex/booktabs/booktabs.sty"
Package: booktabs 2020/01/12 v1.61803398 Publication quality tables
\heavyrulewidth=\dimen190
\lightrulewidth=\dimen191
\cmidrulewidth=\dimen192
\belowrulesep=\dimen193
\belowbottomsep=\dimen194
\aboverulesep=\dimen195
\abovetopsep=\dimen196
\cmidrulesep=\dimen197
\cmidrulekern=\dimen198
\defaultaddspace=\dimen199
\@cmidla=\count453
\@cmidlb=\count454
\@aboverulesep=\dimen256
\@belowrulesep=\dimen257
\@thisruleclass=\count455
\@lastruleclass=\count456
\@thisrulewidth=\dimen258
)
Package csquotes Info: Checking for multilingual support...
Package csquotes Info: ... found 'babel' package.
Package csquotes Info: Adjusting default style.
Package csquotes Info: Redefining alias 'default' -> 'ngerman'.

No file Masterarbeit.aux.

\openout1 = Masterarbeit.aux
LaTeX Font Info:    Checking defaults for OML/cmm/m/it on input line 116.
LaTeX Font Info:    ... okay on input line 116.
LaTeX Font Info:    Checking defaults for OMS/cmsy/m/n on input line 116.
LaTeX Font Info:    ... okay on input line 116.
LaTeX Font Info:    Checking defaults for OT1/cmr/m/n on input line 116.
LaTeX Font Info:    ... okay on input line 116.
LaTeX Font Info:    Checking defaults for T1/cmr/m/n on input line 116.
LaTeX Font Info:    ... okay on input line 116.
LaTeX Font Info:    Checking defaults for TS1/cmr/m/n on input line 116.
LaTeX Font Info:    Trying to load font information for TS1+cmr on input line 1
16.
("C:/Program Files/MiKTeX/tex/latex/base/ts1cmr.fd"
File: ts1cmr.fd 2023/04/13 v2.5m Standard LaTeX font definitions
)
LaTeX Font Info:    ... okay on input line 116.
LaTeX Font Info:    Checking defaults for TU/lmr/m/n on input line 116.
LaTeX Font Info:    ... okay on input line 116.
LaTeX Font Info:    Checking defaults for OMX/cmex/m/n on input line 116.
LaTeX Font Info:    ... okay on input line 116.
LaTeX Font Info:    Checking defaults for U/cmr/m/n on input line 116.
LaTeX Font Info:    ... okay on input line 116.
LaTeX Font Info:    Checking defaults for PD1/pdf/m/n on input line 116.
LaTeX Font Info:    ... okay on input line 116.
LaTeX Font Info:    Checking defaults for PU/pdf/m/n on input line 116.
LaTeX Font Info:    ... okay on input line 116.
Package biblatex Info: Trying to load language 'ngerman'...
Package biblatex Info: ... file 'ngerman.lbx' found.

("C:/Program Files/MiKTeX/tex/latex/biblatex/lbx/ngerman.lbx"
File: ngerman.lbx 2023/03/05 v3.19 biblatex localization (PK/MW)
Package biblatex Info: Trying to load language 'german'...
Package biblatex Info: ... file 'german.lbx' found.

("C:/Program Files/MiKTeX/tex/latex/biblatex/lbx/german.lbx"
File: german.lbx 2023/03/05 v3.19 biblatex localization (PK/MW)
)
Package biblatex Info: Trying to load language 'german'...
Package biblatex Info: ... file 'german.lbx' found.

("C:/Program Files/MiKTeX/tex/latex/biblatex/lbx/german.lbx"
File: german.lbx 2023/03/05 v3.19 biblatex localization (PK/MW)
))
Package biblatex Info: LuaTeX detected.
(biblatex)             Assuming input encoding 'utf8'.
Package biblatex Info: Automatic encoding selection.
(biblatex)             Assuming data encoding 'utf8'.

\openout3 = Masterarbeit.bcf
Package biblatex Info: Trying to load bibliographic data...
Package biblatex Info: ... file 'Masterarbeit.bbl' not found.

No file Masterarbeit.bbl.
Package biblatex Info: Reference section=0 on input line 116.
Package biblatex Info: Reference segment=0 on input line 116.
("C:/Program Files/MiKTeX/tex/context/base/mkii/supp-pdf.mkii"
[Loading MPS to PDF converter (version 2006.09.02).]
\scratchcounter=\count457
\scratchdimen=\dimen259
\scratchbox=\box70
\nofMPsegments=\count458
\nofMParguments=\count459
\everyMPshowfont=\toks41
\MPscratchCnt=\count460
\MPscratchDim=\dimen260
\MPnumerator=\count461
\makeMPintoPDFobject=\count462
\everyMPtoPDFconversion=\toks42
) ("C:/Program Files/MiKTeX/tex/latex/epstopdf-pkg/epstopdf-base.sty"
Package: epstopdf-base 2020-01-24 v2.11 Base part for package epstopdf
Package epstopdf-base Info: Redefining graphics rule for `.eps' on input line 4
85.

("C:/Program Files/MiKTeX/tex/latex/00miktex/epstopdf-sys.cfg"
File: epstopdf-sys.cfg 2021/03/18 v2.0 Configuration of epstopdf for MiKTeX
))
Package caption Info: Begin \AtBeginDocument code.
Package caption Info: float package is loaded.
Package caption Info: hyperref package is loaded.
Package caption Info: listings package is loaded.
Package caption Info: longtable package is loaded.

("C:/Program Files/MiKTeX/tex/latex/caption/ltcaption.sty"
Package: ltcaption 2021/01/08 v1.4c longtable captions (AR)
)
Package caption Info: End \AtBeginDocument code.
Package hyperref Info: Link coloring ON on input line 116.
\@outlinefile=\write4

\openout4 = Masterarbeit.out
Class scrbook Info: loading recommended package `bookmark'.
(scrbook)           Using `bookmark' together with `hyperref' is recommended,
(scrbook)           because of handling of possible bookmark level gaps.
(scrbook)           You can avoid loading `bookmark' with KOMA-Script option
(scrbook)           `bookmarkpackage=false' before \begin{document} and
(scrbook)           you can avoid this message adding:
(scrbook)             \usepackage{bookmark}
(scrbook)           before \begin{document} on input line 116.

("C:/Program Files/MiKTeX/tex/latex/bookmark/bookmark.sty"
Package: bookmark 2023-12-10 v1.31 PDF bookmarks (HO)

("C:/Program Files/MiKTeX/tex/latex/bookmark/bkm-pdftex.def"
File: bkm-pdftex.def 2023-12-10 v1.31 bookmark driver for pdfTeX and luaTeX (HO
)
\BKM@id=\count463
))
("C:/Program Files/MiKTeX/tex/latex/pdflscape/pdflscape.sty"
Package: pdflscape 2022-10-27 v0.13 Display of landscape pages in PDF

("C:/Program Files/MiKTeX/tex/latex/pdflscape/pdflscape-nometadata.sty"
Package: pdflscape-nometadata 2022-10-28 v0.13 Display of landscape pages in PD
F (HO)

("C:/Program Files/MiKTeX/tex/latex/graphics/lscape.sty"
Package: lscape 2020/05/28 v3.02 Landscape Pages (DPC)
)
Package scrhack Info: loading lscape hack on input line 77.

("C:/Program Files/MiKTeX/tex/latex/koma-script/lscape.hak"
File: lscape.hak 2023/07/07 v3.41 KOMA-Script scrhack part (hacking package lsc
ape)
Package scrhack Info: \landscape patched to make \textheight change optional on
 input line 90.
\scrh@LT@textheight=\skip103
)
Package pdflscape Info: Auto-detected driver: pdftex on input line 81.
))
\c@lstlisting=\count464
Package scrhack Info: undefining \float@addtolists on input line 116.

*geometry* driver: auto-detecting
*geometry* detected driver: luatex
*geometry* verbose mode - [ preamble ] result:
* driver: luatex
* paper: a4paper
* layout: <same size as paper>
* layoutoffset:(h,v)=(0.0pt,0.0pt)
* modes: twoside 
* h-part:(L,W,R)=(85.35826pt, 441.01773pt, 71.13188pt)
* v-part:(T,H,B)=(101.40665pt, 644.05556pt, 99.58464pt)
* \paperwidth=597.50787pt
* \paperheight=845.04684pt
* \textwidth=441.01773pt
* \textheight=644.05556pt
* \oddsidemargin=13.08827pt
* \evensidemargin=-1.1381pt
* \topmargin=-10.73834pt
* \headheight=18.125pt
* \headsep=21.75pt
* \topskip=12.0pt
* \footskip=50.75pt
* \marginparwidth=74.68849pt
* \marginparsep=12.8401pt
* \columnsep=10.0pt
* \skip\footins=10.8pt plus 4.0pt minus 2.0pt
* \hoffset=0.0pt
* \voffset=0.0pt
* \mag=1000
* \@twocolumnfalse
* \@twosidetrue
* \@mparswitchtrue
* \@reversemarginfalse
* (1in=72.27pt=25.4mm, 1cm=28.453pt)

(./otherincludes/Titelseite.tex
<./images/Logo_IMI.pdf, id=3, 426.79149pt x 113.8112pt>
File: ./images/Logo_IMI.pdf Graphic file (type pdf)
<use ./images/Logo_IMI.pdf>
Package luatex.def Info: ./images/Logo_IMI.pdf  used on input line 10.
(luatex.def)             Requested size: 330.1201pt x 88.03256pt.
<./images/Slogan_Uni_Luebeck.pdf, id=4, 142.26349pt x 11.38112pt>
File: ./images/Slogan_Uni_Luebeck.pdf Graphic file (type pdf)
<use ./images/Slogan_Uni_Luebeck.pdf>
Package luatex.def Info: ./images/Slogan_Uni_Luebeck.pdf  used on input line 53
.
(luatex.def)             Requested size: 142.2063pt x 11.37741pt.

Overfull \hbox (0.32413pt too wide) in paragraph at lines 51--54
[]|  [] 
 []

[1



{C:/Users/janme/AppData/Local/MiKTeX/fonts/map/pdftex/pdftex.map}<./images/Logo_
IMI.pdf><./images/Slogan_Uni_Luebeck.pdf>]) [2


]
(./otherincludes/Erklaerung.tex [3]) (./otherincludes/Kurzfassung.tex [4


])
[5] [6


]
No file Masterarbeit.toc.
\tf@toc=\write5

\openout5 = Masterarbeit.toc
[7] [8


] (./chapters/Einleitung.tex
chapter 1.

LaTeX Warning: Citation 'Fourier-Net' on page 1 undefined on input line 14.


LaTeX Warning: Citation 'Fourier-Net+' on page 1 undefined on input line 14.


LaTeX Warning: Citation 'Voxelmorph' on page 1 undefined on input line 14.


LaTeX Warning: Citation 'IC-Net' on page 1 undefined on input line 14.


LaTeX Warning: Citation 'SYM-Net' on page 1 undefined on input line 14.


LaTeX Warning: Citation 'NiftiReg' on page 1 undefined on input line 14.


LaTeX Warning: Citation 'Chen2020' on page 1 undefined on input line 15.


LaTeX Warning: Citation 'Haskins2020' on page 1 undefined on input line 15.


LaTeX Warning: Citation 'Fu2020' on page 1 undefined on input line 15.


LaTeX Warning: Citation 'Zou2022' on page 1 undefined on input line 15.


LaTeX Warning: Citation 'Chen2023' on page 1 undefined on input line 15.


LaTeX Warning: Citation 'Serai2021' on page 1 undefined on input line 15.


LaTeX Warning: Citation 'SamplingStrategies' on page 1 undefined on input line 
15.


LaTeX Warning: Citation 'PulseSequences' on page 1 undefined on input line 15.


LaTeX Warning: Citation 'AdvancesPI' on page 1 undefined on input line 15.


LaTeX Warning: Citation 'CS-MRI' on page 1 undefined on input line 15.


LaTeX Warning: Citation 'AdvancesPI' on page 1 undefined on input line 16.


LaTeX Warning: Citation 'CS-MRI' on page 1 undefined on input line 16.


LaTeX Warning: Citation 'ParallelMRI' on page 1 undefined on input line 16.


LaTeX Warning: Citation 'GRAPPA' on page 1 undefined on input line 16.


LaTeX Warning: Citation 'DeepMRIReconstructionRadialSubsampling' on page 1 unde
fined on input line 16.


LaTeX Warning: Citation 'DeepMRIReconstructionSubsampling' on page 1 undefined 
on input line 16.


LaTeX Warning: Citation 'GRICS' on page 1 undefined on input line 17.


LaTeX Warning: Citation 'Pan2024' on page 1 undefined on input line 17.


LaTeX Warning: Citation 'Zou2024' on page 1 undefined on input line 17.


Overfull \hbox (7.29832pt too wide) in paragraph at lines 14--18
\TU/lmr/m/n/12 ding MRI sam-pling and ac-ce-le-ra-ti-on, can be found in [[], [
],
 []


Overfull \hbox (40.04259pt too wide) in paragraph at lines 14--18
\TU/lmr/m/n/12 For MRI re-con-s-truc-tion, a lot of work is ba-sed on tra-di-tio
-nal ite-ra-ti-ve al-go-rith-ms [[],
 []


Overfull \hbox (78.12613pt too wide) in paragraph at lines 14--18
\TU/lmr/m/n/12 ches [[], []]
 []

[1


]

LaTeX Warning: Citation 'Fourier-Net' on page 2 undefined on input line 21.


LaTeX Warning: Citation 'Fourier-Net+' on page 2 undefined on input line 21.


LaTeX Warning: Reference `Ch:Fundamentals' on page 2 undefined on input line 22
.


LaTeX Warning: Reference `SubSec:MagneticExcitationAndRelaxation' on page 2 und
efined on input line 22.


LaTeX Warning: Reference `SubSec:ImageAcquisitionAndK-Space' on page 2 undefine
d on input line 22.


LaTeX Warning: Reference `SubSec:ImagingAcceleration' on page 2 undefined on in
put line 22.


LaTeX Warning: Reference `SubSec:Motion-CompensatedReconstruction' on page 2 un
defined on input line 22.


LaTeX Warning: Reference `SubSec:ImageTransformations' on page 2 undefined on i
nput line 22.


LaTeX Warning: Reference `SubSec:ImageRegistration' on page 2 undefined on inpu
t line 22.


LaTeX Warning: Reference `SubSec:DeepLearningArchitectures' on page 2 undefined
 on input line 22.


LaTeX Warning: Reference `SubSec:DLImageRegistration' on page 2 undefined on in
put line 22.


LaTeX Warning: Reference `SubSec:NetworkTrainingAndTesting' on page 2 undefined
 on input line 22.


LaTeX Warning: Reference `Ch:MasterialsAndMethods' on page 2 undefined on input
 line 23.


LaTeX Warning: Reference `Sec:NetworkArchitecture' on page 2 undefined on input
 line 23.


LaTeX Warning: Reference `SubSec:Fourier-Net' on page 2 undefined on input line
 23.


LaTeX Warning: Reference `SubSec:Fourier-Net+' on page 2 undefined on input lin
e 23.


LaTeX Warning: Reference `Sec:Datasets' on page 2 undefined on input line 23.


LaTeX Warning: Reference `Sec:Experiments' on page 2 undefined on input line 25
.


LaTeX Warning: Reference `Ch:Results' on page 2 undefined on input line 25.


LaTeX Warning: Reference `Ch:Discussion' on page 2 undefined on input line 25.


LaTeX Warning: Reference `Ch:Conclusion' on page 2 undefined on input line 25.

) (./chapters/Grundlagen.tex
Overfull \hbox (1.7342pt too wide) in paragraph at lines 21--4
\TU/lmr/m/n/12 Ex-pan-ding al-re-a-dy es-tab-lished work [[], []], un-su-per-vi-
sed neu-
 []

[2]
chapter 2.

LaTeX Warning: Reference `fig:MRISchematic' on page 3 undefined on input line 9
.

LaTeX Font Info:    Trying to load font information for U+msa on input line 9.
("C:/Program Files/MiKTeX/tex/latex/amsfonts/umsa.fd"
File: umsa.fd 2013/01/14 v3.01 AMS symbols A
)
LaTeX Font Info:    Trying to load font information for U+msb on input line 9.

("C:/Program Files/MiKTeX/tex/latex/amsfonts/umsb.fd"
File: umsb.fd 2013/01/14 v3.01 AMS symbols B
)

LaTeX Warning: Citation 'Serai2021' on page 3 undefined on input line 9.

<images/MRI-Schematic.png, id=57, 639.13782pt x 345.54094pt>
File: images/MRI-Schematic.png Graphic file (type png)
<use images/MRI-Schematic.png>
Package luatex.def Info: images/MRI-Schematic.png  used on input line 14.
(luatex.def)             Requested size: 441.01773pt x 238.43404pt.

LaTeX Warning: Citation 'Serai2021' on page 3 undefined on input line 15.


LaTeX Warning: Citation 'Serai2021' on page 3 undefined on input line 15.


LaTeX Warning: Citation 'SamplingStrategies' on page 3 undefined on input line 
28.


LaTeX Warning: Citation 'Serai2021' on page 3 undefined on input line 28.


Underfull \hbox (badness 10000) in paragraph at lines 27--29

 []

[3


] [4<./images/MRI-Schematic.png>] [5]
Missing character: There is no  (U+00B0) in font cmr12!

LaTeX Warning: Reference `fig:GradientEcho' on page 6 undefined on input line 5
8.


LaTeX Warning: Citation 'PulseSequences' on page 6 undefined on input line 61.

<images/GradientEcho.png, id=91, 408.02437pt x 246.1697pt>
File: images/GradientEcho.png Graphic file (type png)
<use images/GradientEcho.png>
Package luatex.def Info: images/GradientEcho.png  used on input line 66.
(luatex.def)             Requested size: 441.01773pt x 266.08842pt.

LaTeX Warning: Citation 'PulseSequences' on page 6 undefined on input line 67.


LaTeX Warning: Citation 'PulseSequences' on page 6 undefined on input line 67.


Underfull \hbox (badness 10000) in paragraph at lines 67--67
[][]|\TU/lmr/m/n/12 Sche-ma-tic of an gra-di-ent echo se-quence ta-ken
 []

Missing character: There is no  (U+00B0) in font cmr12!
Missing character: There is no  (U+00B0) in font cmr12!
Missing character: There is no  (U+00B0) in font cmr12!

LaTeX Warning: Reference `fig:SpinEcho' on page 6 undefined on input line 72.


LaTeX Warning: Citation 'PulseSequences' on page 6 undefined on input line 73.

[6]
<images/SpinEcho.png, id=99, 414.79968pt x 179.92218pt>
File: images/SpinEcho.png Graphic file (type png)
<use images/SpinEcho.png>
Package luatex.def Info: images/SpinEcho.png  used on input line 78.
(luatex.def)             Requested size: 441.01773pt x 191.30136pt.


LaTeX Warning: Citation 'PulseSequences' on page 7 undefined on input line 79.


LaTeX Warning: Citation 'PulseSequences' on page 7 undefined on input line 79.


LaTeX Warning: Reference `fig:2D_MRI_Measurement' on page 7 undefined on input 
line 120.


LaTeX Warning: Reference `eq:LarmorFrequency' on page 7 undefined on input line
 124.


LaTeX Warning: Reference `fig:kSpaceTrajectories' on page 7 undefined on input 
line 128.


LaTeX Warning: Reference `fig:constant_k-space_gradient' on page 7 undefined on
 input line 128.


LaTeX Warning: Reference `fig:refocusing_k-sapce_pulse' on page 7 undefined on 
input line 130.


LaTeX Warning: Citation 'SamplingStrategies' on page 7 undefined on input line 
157.

[7<./images/GradientEcho.png>]
Underfull \vbox (badness 1342) has occurred while \output is active []

 [8<./images/SpinEcho.png>]
<images/2D_MRI_Measurement.png, id=115, 661.9689pt x 350.4184pt>
File: images/2D_MRI_Measurement.png Graphic file (type png)
<use images/2D_MRI_Measurement.png>
Package luatex.def Info: images/2D_MRI_Measurement.png  used on input line 162.

(luatex.def)             Requested size: 441.01773pt x 233.46375pt.


LaTeX Warning: Citation 'SamplingStrategies' on page 9 undefined on input line 
163.


LaTeX Warning: Reference `eq:LarmorFrequency' on page 9 undefined on input line
 163.


LaTeX Warning: Citation 'SamplingStrategies' on page 9 undefined on input line 
163.


LaTeX Warning: Reference `eq:LarmorFrequency' on page 9 undefined on input line
 163.


LaTeX Warning: `h' float specifier changed to `ht'.

<images/constant_k-space_gradient.png, id=116, 191.21437pt x 267.24844pt>
File: images/constant_k-space_gradient.png Graphic file (type png)
<use images/constant_k-space_gradient.png>
Package luatex.def Info: images/constant_k-space_gradient.png  used on input li
ne 171.
(luatex.def)             Requested size: 196.25612pt x 274.30658pt.

Underfull \hbox (badness 1796) in paragraph at lines 172--172
[][]|\TU/lmr/m/n/10.95 Sche-ma-tic of a con-stant gra-di-ent
 []

<images/refocusing_k-sapce_pulse.png, id=117, 187.45032pt x 267.24844pt>
File: images/refocusing_k-sapce_pulse.png Graphic file (type png)
<use images/refocusing_k-sapce_pulse.png>
Package luatex.def Info: images/refocusing_k-sapce_pulse.png  used on input lin
e 177.
(luatex.def)             Requested size: 196.25612pt x 279.81987pt.

LaTeX Warning: Citation 'SamplingStrategies' on page 9 undefined on input line 
181.


LaTeX Warning: Citation 'SamplingStrategies' on page 9 undefined on input line 
181.


LaTeX Warning: `h' float specifier changed to `ht'.


LaTeX Warning: Citation 'SamplingStrategies' on page 9 undefined on input line 
206.


LaTeX Warning: Citation 'Bardo2021' on page 9 undefined on input line 208.


Overfull \hbox (29.32652pt too wide) in paragraph at lines 186--209
\TU/lmr/m/n/12 trans-form a non-rectilinear grid can ta-ke about 5 to 50 min per
 image [[]].
 []


LaTeX Warning: Citation 'SpiralMRI' on page 9 undefined on input line 276.


LaTeX Warning: Citation 'SpiralMRI2' on page 9 undefined on input line 276.


LaTeX Warning: Citation 'SamplingStrategies' on page 9 undefined on input line 
278.


LaTeX Warning: Citation 'SamplingStrategies' on page 9 undefined on input line 
280.


LaTeX Warning: Citation 'SpiralMRI3' on page 9 undefined on input line 286.


LaTeX Warning: Citation 'SamplingStrategies' on page 9 undefined on input line 
292.


LaTeX Warning: Citation 'SamplingStrategies' on page 9 undefined on input line 
296.


Underfull \vbox (badness 3746) has occurred while \output is active []

 [9]
Underfull \vbox (badness 3209) has occurred while \output is active []

 [10<./images/2D_MRI_Measurement.png>]

LaTeX Warning: Reference `fig:ExamplesSubsampling' on page 11 undefined on inpu
t line 302.


Underfull \vbox (badness 10000) has occurred while \output is active []

 [11<./images/constant_k-space_gradient.png><./images/refocusing_k-sapce_pulse.p
ng>]
<images/ExamplesSubsampling.png, id=139, 787.44188pt x 331.2375pt>
File: images/ExamplesSubsampling.png Graphic file (type png)
<use images/ExamplesSubsampling.png>
Package luatex.def Info: images/ExamplesSubsampling.png  used on input line 307
.
(luatex.def)             Requested size: 441.01773pt x 185.51195pt.


LaTeX Warning: Citation 'AdvancesPI' on page 12 undefined on input line 308.


LaTeX Warning: Citation 'AdvancesPI' on page 12 undefined on input line 308.


LaTeX Warning: Citation 'AdvancesPI' on page 12 undefined on input line 322.


LaTeX Warning: Citation 'SENSE1' on page 12 undefined on input line 323.


LaTeX Warning: Citation 'AdvancesPI' on page 12 undefined on input line 329.

[12<./images/ExamplesSubsampling.png>]

LaTeX Warning: Citation 'GRAPPA' on page 13 undefined on input line 336.


LaTeX Warning: Reference `eq:SNR-SENSE' on page 13 undefined on input line 342.



LaTeX Warning: Citation 'AdvancesPI' on page 13 undefined on input line 342.


LaTeX Warning: Citation 'SPIRiT' on page 13 undefined on input line 343.


LaTeX Warning: Citation 'AdvancesPI' on page 13 undefined on input line 347.


LaTeX Warning: Citation 'ESPIRiT' on page 13 undefined on input line 348.


LaTeX Warning: Citation 'AdvancesPI' on page 13 undefined on input line 350.

[13]

LaTeX Warning: Citation 'CS-MRI' on page 14 undefined on input line 353.


LaTeX Warning: Citation 'CS-MRI' on page 14 undefined on input line 355.


LaTeX Warning: Citation 'PulseSequences' on page 14 undefined on input line 355
.


LaTeX Warning: Citation 'PI+CS' on page 14 undefined on input line 355.


LaTeX Warning: Citation 'PI+CS2' on page 14 undefined on input line 355.

[14]

LaTeX Warning: Citation 'MRISubsamplingPruning' on page 15 undefined on input l
ine 359.


LaTeX Warning: Citation 'DeepMRIReconstructionRadialSubsampling' on page 15 und
efined on input line 359.


LaTeX Warning: Citation 'DeepMRIReconstructionSubsampling' on page 15 undefined
 on input line 359.


LaTeX Warning: Citation 'Kuestner2022' on page 15 undefined on input line 366.


LaTeX Warning: Citation 'GRICS' on page 15 undefined on input line 370.

[15]

LaTeX Warning: Citation 'CS-MRI' on page 16 undefined on input line 374.


LaTeX Warning: Citation 'ParallelMRI' on page 16 undefined on input line 374.


LaTeX Warning: Citation 'LowRank+SparseMRI' on page 16 undefined on input line 
374.


LaTeX Warning: Citation 'Kuestner2022' on page 16 undefined on input line 374.


LaTeX Warning: Citation 'GRICS' on page 16 undefined on input line 376.


LaTeX Warning: Citation 'Kuestner2022' on page 16 undefined on input line 376.


LaTeX Warning: Citation 'GRICS' on page 16 undefined on input line 377.


LaTeX Warning: Citation 'Kuestner2022' on page 16 undefined on input line 377.


LaTeX Warning: Citation 'Strittmatter2023' on page 16 undefined on input line 3
85.

[16]

LaTeX Warning: Citation 'Strittmatter2023' on page 17 undefined on input line 3
92.


LaTeX Warning: Citation 'Strittmatter2023' on page 17 undefined on input line 4
62.


LaTeX Warning: Citation 'Strittmatter2023' on page 17 undefined on input line 4
69.

[17]

LaTeX Warning: Citation 'NiftiReg' on page 18 undefined on input line 472.


LaTeX Warning: Citation 'Chen2020' on page 18 undefined on input line 477.


LaTeX Warning: Citation 'Haskins2020' on page 18 undefined on input line 480.


LaTeX Warning: Citation 'Zou2022' on page 18 undefined on input line 484.


LaTeX Warning: Citation 'Tam2016' on page 18 undefined on input line 485.


LaTeX Warning: Citation 'Chen2017' on page 18 undefined on input line 485.


LaTeX Warning: Citation 'Rigaud2019' on page 18 undefined on input line 485.


LaTeX Warning: Citation 'Chen2020' on page 18 undefined on input line 489.


LaTeX Warning: Citation 'Chen2020' on page 18 undefined on input line 489.


LaTeX Warning: Citation 'Yang2008' on page 18 undefined on input line 491.


LaTeX Warning: Citation 'Vercauteren2009' on page 18 undefined on input line 49
1.


LaTeX Warning: Citation 'Fu2020' on page 18 undefined on input line 491.

[18]

LaTeX Warning: Citation 'Chen2020' on page 19 undefined on input line 498.


LaTeX Warning: Citation 'Fu2020' on page 19 undefined on input line 501.


LaTeX Warning: Citation 'Adam' on page 19 undefined on input line 501.

[19]

LaTeX Warning: Citation 'U-Net' on page 20 undefined on input line 505.


LaTeX Warning: Reference `fig:U-NetArchitecture' on page 20 undefined on input 
line 505.


LaTeX Warning: Citation 'Fu2020' on page 20 undefined on input line 505.

<images/U-NetArchitecture.png, id=200, 677.53125pt x 463.7325pt>
File: images/U-NetArchitecture.png Graphic file (type png)
<use images/U-NetArchitecture.png>
Package luatex.def Info: images/U-NetArchitecture.png  used on input line 510.
(luatex.def)             Requested size: 330.76329pt x 226.39594pt.

LaTeX Warning: Citation 'U-Net' on page 20 undefined on input line 511.


LaTeX Warning: Citation 'U-Net' on page 20 undefined on input line 511.


LaTeX Warning: Citation 'Fu2020' on page 20 undefined on input line 516.

[20<./images/U-NetArchitecture.png>]

LaTeX Warning: Citation 'Fu2020' on page 21 undefined on input line 519.


LaTeX Warning: Citation 'Voxelmorph' on page 21 undefined on input line 522.


LaTeX Warning: Citation 'Fourier-Net+' on page 21 undefined on input line 522.


LaTeX Warning: Reference `fig:SupervisedRegistration' on page 21 undefined on i
nput line 525.


LaTeX Warning: Citation 'Zou2022' on page 21 undefined on input line 525.


LaTeX Warning: Citation 'BIRNet' on page 21 undefined on input line 525.


LaTeX Warning: Citation 'LAPNet' on page 21 undefined on input line 525.

[21]
<images/SupervisedRegistrationGraph.jpg, id=216, 2460.19125pt x 827.09pt>
File: images/SupervisedRegistrationGraph.jpg Graphic file (type jpg)
<use images/SupervisedRegistrationGraph.jpg>
Package luatex.def Info: images/SupervisedRegistrationGraph.jpg  used on input 
line 530.
(luatex.def)             Requested size: 441.01773pt x 148.26399pt.


LaTeX Warning: Citation 'Zou2022' on page 22 undefined on input line 531.


LaTeX Warning: Citation 'Zou2022' on page 22 undefined on input line 531.


LaTeX Warning: Reference `fig:UnsupervisedRegistration' on page 22 undefined on
 input line 537.


LaTeX Warning: Reference `fig:GANRegistration' on page 22 undefined on input li
ne 537.


LaTeX Warning: Citation 'Zou2022' on page 22 undefined on input line 537.


LaTeX Warning: Citation 'IC-Net' on page 22 undefined on input line 537.


LaTeX Warning: Citation 'Voxelmorph' on page 22 undefined on input line 537.


LaTeX Warning: Citation 'TransMorph' on page 22 undefined on input line 537.


LaTeX Warning: Citation 'SYM-Net' on page 22 undefined on input line 537.

<images/UnsupervisedRegistrationGraph.jpg, id=217, 3329.43875pt x 935.495pt>
File: images/UnsupervisedRegistrationGraph.jpg Graphic file (type jpg)
<use images/UnsupervisedRegistrationGraph.jpg>
Package luatex.def Info: images/UnsupervisedRegistrationGraph.jpg  used on inpu
t line 542.
(luatex.def)             Requested size: 441.01773pt x 123.90253pt.

LaTeX Warning: Citation 'Zou2022' on page 22 undefined on input line 543.


LaTeX Warning: Citation 'Zou2022' on page 22 undefined on input line 543.


LaTeX Warning: `h' float specifier changed to `ht'.

<images/GANRegistrationGraph.jpg, id=218, 3366.5775pt x 1457.445pt>
File: images/GANRegistrationGraph.jpg Graphic file (type jpg)
<use images/GANRegistrationGraph.jpg>
Package luatex.def Info: images/GANRegistrationGraph.jpg  used on input line 55
0.
(luatex.def)             Requested size: 441.01773pt x 190.92001pt.

LaTeX Warning: Citation 'Zou2022' on page 22 undefined on input line 551.


LaTeX Warning: Citation 'Zou2022' on page 22 undefined on input line 551.


LaTeX Warning: `h' float specifier changed to `ht'.


Underfull \hbox (badness 10000) in paragraph at lines 559--561

 []

[22<./images/SupervisedRegistrationGraph.jpg>] [23<./images/UnsupervisedRegistra
tionGraph.jpg><./images/GANRegistrationGraph.jpg>] [24]

LaTeX Warning: Citation 'NiftiReg' on page 25 undefined on input line 590.


LaTeX Warning: Citation 'DARTEL' on page 25 undefined on input line 599.


LaTeX Warning: Citation 'Chen2023' on page 25 undefined on input line 599.

) (./chapters/Methoden.tex [25] [26


]
chapter 3.

LaTeX Warning: Citation 'Fourier-Net' on page 27 undefined on input line 9.


LaTeX Warning: Citation 'Fourier-Net+' on page 27 undefined on input line 9.


LaTeX Warning: Citation 'LAPNet' on page 27 undefined on input line 9.


Overfull \hbox (40.8104pt too wide) in paragraph at lines 9--10
\TU/lmr/m/n/12 As a start-ing point \TU/lmr/m/it/12 Fourier-Net \TU/lmr/m/n/12 
[[]] and its suc-ces-sor \TU/lmr/m/it/12 Fourier-Net+ \TU/lmr/m/n/12 [[]]
 []


LaTeX Warning: Citation 'Fourier-Net' on page 27 undefined on input line 12.


LaTeX Warning: Citation 'U-Net' on page 27 undefined on input line 12.


LaTeX Warning: Citation 'Dalca2018' on page 27 undefined on input line 14.

<images/ArchitectureFourier-Net.png, id=252, 1351.0475pt x 513.92pt>
File: images/ArchitectureFourier-Net.png Graphic file (type png)
<use images/ArchitectureFourier-Net.png>
Package luatex.def Info: images/ArchitectureFourier-Net.png  used on input line
 19.
(luatex.def)             Requested size: 441.01773pt x 167.7513pt.

LaTeX Warning: Citation 'Fourier-Net' on page 27 undefined on input line 20.


LaTeX Warning: Citation 'Fourier-Net' on page 27 undefined on input line 20.


LaTeX Warning: Citation 'SYM-Net' on page 27 undefined on input line 25.


LaTeX Warning: Reference `fig:SYMNet' on page 27 undefined on input line 25.

<images/SYMNetArchitectureFCN.png, id=253, 1032.85875pt x 676.02562pt>
File: images/SYMNetArchitectureFCN.png Graphic file (type png)
<use images/SYMNetArchitectureFCN.png>
Package luatex.def Info: images/SYMNetArchitectureFCN.png  used on input line 2
9.
(luatex.def)             Requested size: 441.01773pt x 288.65323pt.

LaTeX Warning: Citation 'SYM-Net' on page 27 undefined on input line 30.


LaTeX Warning: Citation 'SYM-Net' on page 27 undefined on input line 30.


LaTeX Warning: Citation 'SYM-Net' on page 27 undefined on input line 34.


LaTeX Warning: Citation 'Trabelsi2017' on page 27 undefined on input line 39.


LaTeX Warning: Citation 'DeepFlash' on page 27 undefined on input line 39.

[27]
Underfull \vbox (badness 10000) has occurred while \output is active []

 [28<./images/ArchitectureFourier-Net.png>] [29<./images/SYMNetArchitectureFCN.p
ng>]

LaTeX Warning: Reference `eq:DFT' on page 30 undefined on input line 62.


LaTeX Warning: Reference `eq:iDFT' on page 30 undefined on input line 62.


LaTeX Warning: Citation 'Fourier-Net' on page 30 undefined on input line 70.


LaTeX Warning: Reference `fig:DecoderDisplacementField' on page 30 undefined on
 input line 70.


LaTeX Warning: Citation 'Dalca2018' on page 30 undefined on input line 71.


LaTeX Warning: Citation 'Fourier-Net' on page 30 undefined on input line 71.


LaTeX Warning: Citation 'Dalca2018' on page 30 undefined on input line 71.

<images/DecoderDisplacementField.png, id=277, 493.845pt x 405.01312pt>
File: images/DecoderDisplacementField.png Graphic file (type png)
<use images/DecoderDisplacementField.png>
Package luatex.def Info: images/DecoderDisplacementField.png  used on input lin
e 75.
(luatex.def)             Requested size: 286.65883pt x 235.09315pt.

LaTeX Warning: Citation 'Fourier-Net+' on page 30 undefined on input line 76.


LaTeX Warning: Citation 'Fourier-Net+' on page 30 undefined on input line 76.


Overfull \hbox (2.11017pt too wide) in paragraph at lines 69--79
\TU/lmr/m/n/12 back-propagation. For \TU/lmr/m/it/12 Diff-Fourier-Net \TU/lmr/m
/n/12 ex-tra squa-ring and squa-ring lay-ers [[]]
 []

[30]

LaTeX Warning: Citation 'DARTEL' on page 31 undefined on input line 81.


LaTeX Warning: Citation 'Dalca2018' on page 31 undefined on input line 81.


LaTeX Warning: Citation 'ScaleAndSquare' on page 31 undefined on input line 85.


Missing character: There is no  (U+2212) in font cmr6!
Missing character: There is no  (U+2212) in font cmr6!

LaTeX Warning: Citation 'Dalca2018' on page 31 undefined on input line 85.


LaTeX Warning: Reference `fig:Fourier-Net' on page 31 undefined on input line 8
6.


LaTeX Warning: Citation 'ScaleAndSquare' on page 31 undefined on input line 86.



Overfull \hbox (11.18898pt too wide) in paragraph at lines 84--87
\TU/lmr/m/n/12 ring [[]]. The in-te-gra-ti-on of a sta-tio-na-ry ODE re-pres-ent
s a one-parameter
 []

[31<./images/DecoderDisplacementField.png>]

LaTeX Warning: Citation 'SpatialTransformer' on page 32 undefined on input line
 96.


LaTeX Warning: Reference `fig:SpatialTransformer' on page 32 undefined on input
 line 96.


Overfull \hbox (13.37433pt too wide) in paragraph at lines 96--102
\TU/lmr/m/n/12 The war-ping lay-er of \TU/lmr/m/it/12 Fourier-Net \TU/lmr/m/n/1
2 uti-li-zes the \TU/lmr/m/it/12 Spa-ti-al Trans-for-mer \TU/lmr/m/n/12 [[]],
 []

[32]

LaTeX Warning: Citation 'SpatialTransformer' on page 33 undefined on input line
 105.

<images/SpatialTransformer.png, id=302, 609.77812pt x 260.47313pt>
File: images/SpatialTransformer.png Graphic file (type png)
<use images/SpatialTransformer.png>
Package luatex.def Info: images/SpatialTransformer.png  used on input line 109.

(luatex.def)             Requested size: 441.01773pt x 188.39104pt.

LaTeX Warning: Citation 'SpatialTransformer' on page 33 undefined on input line
 110.


LaTeX Warning: Citation 'SpatialTransformer' on page 33 undefined on input line
 110.


Underfull \hbox (badness 10000) in paragraph at lines 110--110
[][]|\TU/lmr/m/n/12 Ar-chi-tec-tu-re of the \TU/lmr/m/it/12 Spa-ti-al Trans-for-
mer \TU/lmr/m/n/12 ta-ken
 []


Underfull \vbox (badness 2253) has occurred while \output is active []

 [33<./images/SpatialTransformer.png>]

LaTeX Warning: Citation 'Fourier-Net+' on page 34 undefined on input line 168.


LaTeX Warning: Reference `fig:Fourier-Net+' on page 34 undefined on input line 
169.


LaTeX Warning: Reference `fig:Fourier-Net' on page 34 undefined on input line 1
69.


LaTeX Warning: Reference `fig:Fourier-Net+CNN' on page 34 undefined on input li
ne 169.


LaTeX Warning: Citation 'Fourier-Net+' on page 34 undefined on input line 169.


LaTeX Warning: Reference `fig:Fourier-Net+Cascaded' on page 34 undefined on inp
ut line 169.

[34]
<images/ArchitectureFourier-Net+.png, id=323, 1075.01625pt x 356.0803pt>
File: images/ArchitectureFourier-Net+.png Graphic file (type png)
<use images/ArchitectureFourier-Net+.png>
Package luatex.def Info: images/ArchitectureFourier-Net+.png  used on input lin
e 174.
(luatex.def)             Requested size: 441.01773pt x 146.0808pt.


LaTeX Warning: Citation 'Fourier-Net+' on page 35 undefined on input line 175.


LaTeX Warning: Citation 'Fourier-Net+' on page 35 undefined on input line 175.


LaTeX Warning: Reference `fig:Fourier-Net+EncoderCompression' on page 35 undefi
ned on input line 180.


LaTeX Warning: Reference `fig:Fourier-Net+CNN' on page 35 undefined on input li
ne 180.

<images/CompressionEncoder.png, id=324, 490.83376pt x 391.4625pt>
File: images/CompressionEncoder.png Graphic file (type png)
<use images/CompressionEncoder.png>
Package luatex.def Info: images/CompressionEncoder.png  used on input line 184.

(luatex.def)             Requested size: 220.50887pt x 175.8638pt.

LaTeX Warning: Citation 'Fourier-Net+' on page 35 undefined on input line 185.


LaTeX Warning: Citation 'Fourier-Net+' on page 35 undefined on input line 185.

<images/ArchitectureFourier-Net+CNN.png, id=325, 1078.0275pt x 218.31563pt>
File: images/ArchitectureFourier-Net+CNN.png Graphic file (type png)
<use images/ArchitectureFourier-Net+CNN.png>
Package luatex.def Info: images/ArchitectureFourier-Net+CNN.png  used on input 
line 191.
(luatex.def)             Requested size: 441.01773pt x 89.31343pt.

LaTeX Warning: Citation 'Fourier-Net+' on page 35 undefined on input line 192.


LaTeX Warning: Citation 'Fourier-Net+' on page 35 undefined on input line 192.


LaTeX Warning: Reference `fig:Fourier-Net+Cascaded' on page 35 undefined on inp
ut line 197.

[35<./images/ArchitectureFourier-Net+.png>] [36<./images/CompressionEncoder.png>
<./images/ArchitectureFourier-Net+CNN.png>]

LaTeX Warning: Citation 'Fourier-Net+' on page 37 undefined on input line 206.

<images/ArchitectureFourier-Net+Cascaded.png, id=342, 1409.265pt x 287.0725pt>
File: images/ArchitectureFourier-Net+Cascaded.png Graphic file (type png)
<use images/ArchitectureFourier-Net+Cascaded.png>
Package luatex.def Info: images/ArchitectureFourier-Net+Cascaded.png  used on i
nput line 211.
(luatex.def)             Requested size: 441.01773pt x 89.83696pt.

LaTeX Warning: Citation 'Fourier-Net+' on page 37 undefined on input line 212.


LaTeX Warning: Citation 'Fourier-Net+' on page 37 undefined on input line 212.

[37<./images/ArchitectureFourier-Net+Cascaded.png>]

LaTeX Warning: Citation 'ACDC' on page 38 undefined on input line 249.


LaTeX Warning: Reference `fig:Image_ACDC_systolic' on page 38 undefined on inpu
t line 249.


LaTeX Warning: Reference `fig:Image_ACDC_diastolic' on page 38 undefined on inp
ut line 249.


LaTeX Warning: Reference `fig:Segmentation_ACDC_systolic' on page 38 undefined 
on input line 249.


LaTeX Warning: Reference `fig:Segmentation_ACDC_diastolic' on page 38 undefined
 on input line 249.


Overfull \hbox (2.40898pt too wide) in paragraph at lines 249--251
\TU/lmr/m/n/12 The \TU/lmr/m/it/12 ACDC \TU/lmr/m/n/12 da-ta-set [[]] from the 
\TU/lmr/m/it/12 Au-to-ma-ted Car-diac Dia-gno-sis Chall-enge (ACDC)
 []

<images/Image_ACDC_systolic.png, id=351, 462.528pt x 346.896pt>
File: images/Image_ACDC_systolic.png Graphic file (type png)
<use images/Image_ACDC_systolic.png>
Package luatex.def Info: images/Image_ACDC_systolic.png  used on input line 256
.
(luatex.def)             Requested size: 176.40439pt x 132.30353pt.
<images/Image_ACDC_diastolic.png, id=352, 462.528pt x 346.896pt>
File: images/Image_ACDC_diastolic.png Graphic file (type png)
<use images/Image_ACDC_diastolic.png>
Package luatex.def Info: images/Image_ACDC_diastolic.png  used on input line 26
3.
(luatex.def)             Requested size: 176.40439pt x 132.30353pt.
<images/Segmentation_ACDC_systolic.png, id=353, 462.528pt x 346.896pt>
File: images/Segmentation_ACDC_systolic.png Graphic file (type png)
<use images/Segmentation_ACDC_systolic.png>
Package luatex.def Info: images/Segmentation_ACDC_systolic.png  used on input l
ine 269.
(luatex.def)             Requested size: 176.40439pt x 132.30353pt.
<images/Segmentation_ACDC_diastolic.png, id=354, 462.528pt x 346.896pt>
File: images/Segmentation_ACDC_diastolic.png Graphic file (type png)
<use images/Segmentation_ACDC_diastolic.png>
Package luatex.def Info: images/Segmentation_ACDC_diastolic.png  used on input 
line 275.
(luatex.def)             Requested size: 176.40439pt x 132.30353pt.

LaTeX Warning: Citation 'ACDC' on page 38 undefined on input line 279.


LaTeX Warning: Citation 'ACDC' on page 38 undefined on input line 279.


LaTeX Warning: `h' float specifier changed to `ht'.


LaTeX Warning: Citation 'CMRxRecon' on page 38 undefined on input line 285.


LaTeX Warning: Reference `fig:k-space' on page 38 undefined on input line 288.


LaTeX Warning: Citation 'SENSE1' on page 38 undefined on input line 288.


LaTeX Warning: Reference `fig:Coils' on page 38 undefined on input line 288.


LaTeX Warning: Reference `fig:fullySampled' on page 38 undefined on input line 
290.


LaTeX Warning: Reference `fig:subSampled' on page 38 undefined on input line 29
0.


LaTeX Warning: Citation 'SamplingStrategies' on page 38 undefined on input line
 290.


LaTeX Warning: Reference `fig:subSampledImage' on page 38 undefined on input li
ne 290.


LaTeX Warning: Reference `fig:fullySampledImage' on page 38 undefined on input 
line 290.


Overfull \hbox (4.89557pt too wide) in paragraph at lines 285--295
\TU/lmr/m/it/12 Net/Fourier-Net+\TU/lmr/m/n/12 . For this, multi-coil re-con-s-t
ruc-tion al-go-rith-ms li-ke \TU/lmr/m/it/12 SEN-SE \TU/lmr/m/n/12 [[]]
 []

[38]
<images/CoilsHorizontal.png, id=361, 358.4592pt x 50.589pt>
File: images/CoilsHorizontal.png Graphic file (type png)
<use images/CoilsHorizontal.png>
Package luatex.def Info: images/CoilsHorizontal.png  used on input line 299.
(luatex.def)             Requested size: 441.01773pt x 62.24338pt.


LaTeX Warning: Citation 'CMRxRecon' on page 39 undefined on input line 300.


LaTeX Warning: Citation 'CMRxRecon' on page 39 undefined on input line 300.


LaTeX Warning: `h' float specifier changed to `ht'.

<images/k-space_fullysampled.png, id=362, 462.528pt x 231.264pt>
File: images/k-space_fullysampled.png Graphic file (type png)
<use images/k-space_fullysampled.png>
Package luatex.def Info: images/k-space_fullysampled.png  used on input line 30
9.
(luatex.def)             Requested size: 198.45662pt x 99.22984pt.
<images/k-space_subsampled.png, id=363, 462.528pt x 231.264pt>
File: images/k-space_subsampled.png Graphic file (type png)
<use images/k-space_subsampled.png>
Package luatex.def Info: images/k-space_subsampled.png  used on input line 315.

(luatex.def)             Requested size: 198.45662pt x 99.22984pt.
<images/image_fullysampled.png, id=364, 440.847pt x 209.583pt>
File: images/image_fullysampled.png Graphic file (type png)
<use images/image_fullysampled.png>
Package luatex.def Info: images/image_fullysampled.png  used on input line 320.

(luatex.def)             Requested size: 198.45662pt x 94.34665pt.

Underfull \hbox (badness 1603) in paragraph at lines 321--321
[][]|\TU/lmr/m/n/10.95 Cor-re-spon-ding image re-con-s-truc-ted
 []

<images/image_subsampled.png, id=365, 440.847pt x 209.583pt>
File: images/image_subsampled.png Graphic file (type png)
<use images/image_subsampled.png>
Package luatex.def Info: images/image_subsampled.png  used on input line 326.
(luatex.def)             Requested size: 198.45662pt x 94.34665pt.

LaTeX Warning: Citation 'CMRxRecon' on page 39 undefined on input line 330.


LaTeX Warning: Citation 'CMRxRecon' on page 39 undefined on input line 330.


LaTeX Warning: `h' float specifier changed to `ht'.

[39<./images/Image_ACDC_systolic.png><./images/Image_ACDC_diastolic.png><./image
s/Segmentation_ACDC_systolic.png><./images/Segmentation_ACDC_diastolic.png>]

LaTeX Warning: Reference `SubSec:ResultsFourier-NetvsFourier-Net+ACDC' on page 
40 undefined on input line 468.


Underfull \vbox (badness 10000) has occurred while \output is active []

 [40<./images/CoilsHorizontal.png><./images/k-space_fullysampled.png><./images/k
-space_subsampled.png><./images/image_fullysampled.png><./images/image_subsample
d.png>]

LaTeX Warning: Reference `SubSec:ResultsStartingChannelsACDC' on page 41 undefi
ned on input line 472.


LaTeX Warning: Reference `SubSec:ResultsFTCropSize' on page 41 undefined on inp
ut line 476.


Underfull \vbox (badness 3724) has occurred while \output is active []

 [41]

LaTeX Warning: Citation 'VoxelMorphDiff' on page 42 undefined on input line 480
.


LaTeX Warning: Citation 'Voxelmorph' on page 42 undefined on input line 480.


LaTeX Warning: Reference `SubSec:ResultsComparisonVoxelMorph' on page 42 undefi
ned on input line 480.


LaTeX Warning: Reference `SubSubSec:Fourier-NetvsFourier-Net+' on page 42 undef
ined on input line 484.

[42]

LaTeX Warning: Reference `SubSec:ResultsComparisonSubsampling' on page 43 undef
ined on input line 491.


Underfull \vbox (badness 10000) has occurred while \output is active []

 [43]

LaTeX Warning: Reference `Sec:Motion-CompensatedReconstruction' on page 44 unde
fined on input line 516.


LaTeX Warning: Citation 'ESPIRiT' on page 44 undefined on input line 516.


LaTeX Warning: Citation 'Oksuz2020' on page 44 undefined on input line 517.


LaTeX Warning: Reference `fig:ReconstructionPipeline' on page 44 undefined on i
nput line 517.


LaTeX Warning: Reference `SubSec:ParameterTestsACDC' on page 44 undefined on in
put line 518.


LaTeX Warning: Reference `SubSec:TestingEvalutionMetrics' on page 44 undefined 
on input line 518.


LaTeX Warning: Citation 'HaarPSI' on page 44 undefined on input line 518.


LaTeX Warning: Reference `SubSec:ReconstructionPipelineResults' on page 44 unde
fined on input line 518.

<images/ReconstructionPipelineEvaluation.png, id=407, 511.9125pt x 386.94562pt>

File: images/ReconstructionPipelineEvaluation.png Graphic file (type png)
<use images/ReconstructionPipelineEvaluation.png>
Package luatex.def Info: images/ReconstructionPipelineEvaluation.png  used on i
nput line 524.
(luatex.def)             Requested size: 441.01773pt x 333.35718pt.

LaTeX Warning: Citation 'Kuestner2022' on page 44 undefined on input line 525.


LaTeX Warning: Citation 'Kuestner2022' on page 44 undefined on input line 525.

) (./chapters/Ergebnisse.tex [44] [45<./images/ReconstructionPipelineEvaluation.
png>] [46


]
chapter 4.

LaTeX Warning: Reference `tab:Fourier-NetvsFourier-Net+ACDC' on page 47 undefin
ed on input line 14.

[47]
Underfull \vbox (badness 10000) has occurred while \output is active []

 [48]
Overfull \vbox (5.65036pt too high) has occurred while \output is active []


[49]

LaTeX Warning: Reference `tab:StartingChannelsFourierNet+ACDC' on page 50 undef
ined on input line 79.


Underfull \hbox (badness 2189) in paragraph at lines 86--86
[][]|\TU/lmr/m/n/12 Re-sults for dif-fe-rent start-ing chan-nel si-zes of \TU/l
mr/m/it/12 Fourier-Net+ \TU/lmr/m/n/12 and
 []


LaTeX Warning: `h' float specifier changed to `ht'.


LaTeX Warning: Reference `tab:FTCropSize' on page 50 undefined on input line 12
3.

[50]
Underfull \vbox (badness 10000) has occurred while \output is active []

 [51]

LaTeX Warning: Citation 'Voxelmorph' on page 52 undefined on input line 166.


LaTeX Warning: Reference `tab:CompareVoxelMorph' on page 52 undefined on input 
line 166.

[52]

LaTeX Warning: Reference `SubSec:ResultsFourier-NetvsFourier-Net+ACDC' on page 
53 undefined on input line 193.


LaTeX Warning: Reference `tab:Fourier-NetvsFourier-Net+ACDC' on page 53 undefin
ed on input line 193.


LaTeX Warning: Reference `tab:DenseDisplacementAcc4' on page 53 undefined on in
put line 193.


LaTeX Warning: Reference `tab:DenseDisplacementAcc8' on page 53 undefined on in
put line 193.


LaTeX Warning: Reference `tab:DenseDisplacementAcc10' on page 53 undefined on i
nput line 193.

[53]

LaTeX Warning: `h' float specifier changed to `ht'.


Underfull \vbox (badness 10000) has occurred while \output is active []

 [54]
Overfull \vbox (18.99031pt too high) has occurred while \output is active []


[55] [56]

LaTeX Warning: Reference `SubSec:ResultsComparisonVoxelMorph' on page 57 undefi
ned on input line 301.


LaTeX Warning: Reference `tab:ComparisonSubsamplingACDC' on page 57 undefined o
n input line 301.


LaTeX Warning: Reference `fig:Boxplots_DiceScores' on page 57 undefined on inpu
t line 301.


LaTeX Warning: Reference `fig:TestExamples' on page 57 undefined on input line 
301.

[57]

LaTeX Warning: Reference `fig:Boxplot_DiceScores_LV-Cavity' on page 58 undefine
d on input line 358.


LaTeX Warning: Reference `fig:Boxplot_DiceScores_Myocardium' on page 58 undefin
ed on input line 358.


LaTeX Warning: Reference `fig:Boxplot_DiceScores_RV-Cavity' on page 58 undefine
d on input line 358.

[58]
<images/Boxplot_DiceScores_LV-Cavity.png, id=491, 867.24pt x 433.62pt>
File: images/Boxplot_DiceScores_LV-Cavity.png Graphic file (type png)
<use images/Boxplot_DiceScores_LV-Cavity.png>
Package luatex.def Info: images/Boxplot_DiceScores_LV-Cavity.png  used on input
 line 370.
(luatex.def)             Requested size: 352.81552pt x 176.40912pt.
<images/Boxplot_DiceScores_Myocardium.png, id=492, 867.24pt x 433.62pt>
File: images/Boxplot_DiceScores_Myocardium.png Graphic file (type png)
<use images/Boxplot_DiceScores_Myocardium.png>
Package luatex.def Info: images/Boxplot_DiceScores_Myocardium.png  used on inpu
t line 376.
(luatex.def)             Requested size: 352.81552pt x 176.40912pt.
<images/Boxplot_DiceScores_RV-Cavity.png, id=493, 867.24pt x 433.62pt>
File: images/Boxplot_DiceScores_RV-Cavity.png Graphic file (type png)
<use images/Boxplot_DiceScores_RV-Cavity.png>
Package luatex.def Info: images/Boxplot_DiceScores_RV-Cavity.png  used on input
 line 382.
(luatex.def)             Requested size: 352.81552pt x 176.40912pt.

Underfull \vbox (badness 10000) has occurred while \output is active []

 [59]

LaTeX Warning: Reference `fig:TestExamples' on page 60 undefined on input line 
422.


Underfull \vbox (badness 10000) has occurred while \output is active []

 [60<./images/Boxplot_DiceScores_LV-Cavity.png><./images/Boxplot_DiceScores_Myoc
ardium.png><./images/Boxplot_DiceScores_RV-Cavity.png>]
<images/TestExamples_Mode0.png, id=506, 1962.8532pt x 709.6914pt>
File: images/TestExamples_Mode0.png Graphic file (type png)
<use images/TestExamples_Mode0.png>
Package luatex.def Info: images/TestExamples_Mode0.png  used on input line 432.

(luatex.def)             Requested size: 441.01773pt x 159.44626pt.
<images/TestExamples_Mode1.png, id=507, 1962.8532pt x 682.2288pt>
File: images/TestExamples_Mode1.png Graphic file (type png)
<use images/TestExamples_Mode1.png>
Package luatex.def Info: images/TestExamples_Mode1.png  used on input line 433.

(luatex.def)             Requested size: 441.01773pt x 153.27625pt.
<images/TestExamples_Mode2.png, id=508, 1962.8532pt x 682.2288pt>
File: images/TestExamples_Mode2.png Graphic file (type png)
<use images/TestExamples_Mode2.png>
Package luatex.def Info: images/TestExamples_Mode2.png  used on input line 434.

(luatex.def)             Requested size: 441.01773pt x 153.27625pt.
<images/TestExamples_Mode3.png, id=509, 1962.8532pt x 682.2288pt>
File: images/TestExamples_Mode3.png Graphic file (type png)
<use images/TestExamples_Mode3.png>
Package luatex.def Info: images/TestExamples_Mode3.png  used on input line 435.

(luatex.def)             Requested size: 441.01773pt x 153.27625pt.

Underfull \vbox (badness 10000) has occurred while \output is active []

 [61]
Overfull \vbox (46.21942pt too high) has occurred while \output is active []


[62<./images/TestExamples_Mode0.png><./images/TestExamples_Mode1.png><./images/T
estExamples_Mode2.png><./images/TestExamples_Mode3.png>]
Overfull \hbox (4.30365pt too wide) in paragraph at lines 445--447
\TU/lmr/m/n/12 Trai-ned \TU/lmr/m/it/12 Fourier-Net\TU/lmr/m/n/12 , \TU/lmr/m/i
t/12 Fourier-Net+ \TU/lmr/m/n/12 and \TU/lmr/m/it/12 4xFourier-Net+ \TU/lmr/m/n
/12 again on the ac-ce-le-ra-ted \TU/lmr/m/it/12 CMRx-
 []


LaTeX Warning: Reference `SubSubSec:TestingEvalutionMetrics' on page 63 undefin
ed on input line 477.


LaTeX Warning: Citation 'HaarPSI' on page 63 undefined on input line 477.


LaTeX Warning: Citation 'Oksuz2020' on page 63 undefined on input line 477.


LaTeX Warning: Reference `tab:ComparisonReconstructionCMRxRecon' on page 63 und
efined on input line 477.


Overfull \hbox (10.04254pt too wide) in paragraph at lines 483--540
 [][] 
 []


LaTeX Warning: `h' float specifier changed to `ht'.

) (./chapters/Diskussion.tex [63] [64]
chapter 5.
[65


]) (./chapters/Zusammenfassung.tex [66]
chapter 6.
)

LaTeX Warning: Empty bibliography on input line 170.

[67


] (./Masterarbeit.aux)
 ***********
LaTeX2e <2023-06-01> patch level 1
L3 programming layer <2020/03/25>
 ***********


LaTeX Warning: There were undefined references.


LaTeX Warning: Label(s) may have changed. Rerun to get cross-references right.


Package rerunfilecheck Warning: File `Masterarbeit.out' has changed.
(rerunfilecheck)                Rerun to get outlines right
(rerunfilecheck)                or use package `bookmark'.

Package rerunfilecheck Info: Checksums for `Masterarbeit.out':
(rerunfilecheck)             Before: <no file>
(rerunfilecheck)             After:  D41D8CD98F00B204E9800998ECF8427E;0.

Package biblatex Warning: Please (re)run Biber on the file:
(biblatex)                Masterarbeit
(biblatex)                and rerun LaTeX afterwards.

Package logreq Info: Writing requests to 'Masterarbeit.run.xml'.

\openout1 = Masterarbeit.run.xml
)

Here is how much of LuaTeX's memory you used:
 29552 strings out of 477259
 125007,1977958 words of node,token memory allocated
 1209 words of node memory still in use:
   7 hlist, 2 vlist, 2 rule, 3 glue, 4 kern, 1 glyph, 205 attribute, 75 glue_spe
c, 104 attribute_list, 1 write nodes
   avail lists: 1:4,2:2985,3:244,4:260,5:668,6:75,7:12431,8:82,9:1040,10:32,11:1
324
 49868 multiletter control sequences out of 65536+600000
 55 fonts using 3953407 bytes
 108i,20n,101p,10926b,2367s stack positions out of 10000i,1000n,20000p,200000b,200000s
<//?/c:/program files/miktex/fonts/opentype/public/lm/lmroman10-regular.otf><//?
/c:/program files/miktex/fonts/opentype/public/lm/lmroman10-bold.otf><//?/c:/pro
gram files/miktex/fonts/opentype/public/lm/lmroman8-regular.otf><//?/c:/program 
files/miktex/fonts/opentype/public/lm/lmroman6-regular.otf><//?/c:/program files
/miktex/fonts/opentype/public/lm/lmroman12-italic.otf><//?/c:/program files/mikt
ex/fonts/opentype/public/lm/lmroman12-bold.otf><//?/c:/program files/miktex/font
s/opentype/public/lm/lmroman12-regular.otf><C:/Program Files/MiKTeX/fonts/type1/
public/amsfonts/cm/cmbx12.pfb><C:/Program Files/MiKTeX/fonts/type1/public/amsfon
ts/cm/cmex10.pfb><C:/Program Files/MiKTeX/fonts/type1/public/amsfonts/cm/cmmi12.
pfb><C:/Program Files/MiKTeX/fonts/type1/public/amsfonts/cm/cmmi6.pfb><C:/Progra
m Files/MiKTeX/fonts/type1/public/amsfonts/cm/cmmi8.pfb><C:/Program Files/MiKTeX
/fonts/type1/public/amsfonts/cm/cmr12.pfb><C:/Program Files/MiKTeX/fonts/type1/p
ublic/amsfonts/cm/cmr6.pfb><C:/Program Files/MiKTeX/fonts/type1/public/amsfonts/
cm/cmr8.pfb><C:/Program Files/MiKTeX/fonts/type1/public/amsfonts/cm/cmsy10.pfb><
C:/Program Files/MiKTeX/fonts/type1/public/amsfonts/cm/cmsy6.pfb><C:/Program Fil
es/MiKTeX/fonts/type1/public/amsfonts/cm/cmsy8.pfb><C:/Program Files/MiKTeX/font
s/type1/public/amsfonts/symbols/msbm10.pfb>
Output written on Masterarbeit.pdf (75 pages, 8699223 bytes).

PDF statistics: 927 PDF objects out of 1000 (max. 8388607)
 238 named destinations out of 1000 (max. 131072)
 729 words of extra memory for PDF output out of 10000 (max. 100000000)

